{"target": -3646.5, "params": {"p1": 0.2762974756882437, "p2": 0.9557047470454807, "t1": 0.06979957683039584, "t2": 0.42257202160658547, "t3": 0.8695351579253431, "x": 0.32240491452681785, "y": 0.5105760897660894}, "datetime": {"datetime": "2020-12-08 08:15:54", "elapsed": 12598.909563, "delta": 215.539329}}
{"target": -3481.0, "params": {"p1": 0.14291954414133257, "p2": 0.9483427956663237, "t1": 0.23648299653181104, "t2": 0.47870386350603245, "t3": 0.8040715478110811, "x": 0.38006970238865423, "y": 0.16772056648427291}, "datetime": {"datetime": "2020-12-08 08:19:22", "elapsed": 12806.794423, "delta": 207.88486}}
{"target": -3392.0, "params": {"p1": 0.358040862625846, "p2": 0.8814223993874807, "t1": 0.20316266978064135, "t2": 0.3768375539880562, "t3": 0.6948179824714673, "x": 0.3442123324573869, "y": 0.3597047862132835}, "datetime": {"datetime": "2020-12-08 08:22:18", "elapsed": 12982.796543, "delta": 176.00212}}
{"target": -5886.75, "params": {"p1": 0.837818506581265, "p2": 0.1387137355365725, "t1": 0.3065100211612264, "t2": 0.35587135312827267, "t3": 0.9488098263365997, "x": 0.36427389360490214, "y": 0.6723133790909899}, "datetime": {"datetime": "2020-12-08 08:26:04", "elapsed": 13209.458318, "delta": 226.661775}}
{"target": -3886.25, "params": {"p1": 0.6227689154896794, "p2": 0.10862359124816046, "t1": 0.39754131568226314, "t2": 0.7270675706099665, "t3": 0.6212063608664411, "x": 0.07519423953751703, "y": 0.2972278727585663}, "datetime": {"datetime": "2020-12-08 08:28:43", "elapsed": 13368.296207, "delta": 158.837889}}
{"target": -8356.5, "params": {"p1": 0.8232315242868773, "p2": 0.5629133113240323, "t1": 0.7992017909580044, "t2": 0.8015660633108612, "t3": 0.9466907536889835, "x": 0.024410147656346304, "y": 0.024329524609347564}, "datetime": {"datetime": "2020-12-08 08:32:08", "elapsed": 13572.734863, "delta": 204.438656}}
{"target": -2831.5, "params": {"p1": 0.7374467804448156, "p2": 0.07831751299428791, "t1": 0.6317927958809995, "t2": 0.7173941646451272, "t3": 0.6997692562932695, "x": 0.10008287278046357, "y": 0.23746392280236417}, "datetime": {"datetime": "2020-12-08 08:34:49", "elapsed": 13734.602063, "delta": 161.8672}}
{"target": -3655.25, "params": {"p1": 0.19231515023169377, "p2": 0.8617462986492913, "t1": 0.1531500642764002, "t2": 0.40124227513203437, "t3": 0.9042309580025942, "x": 0.17822888336844966, "y": 0.16182456084085584}, "datetime": {"datetime": "2020-12-08 08:38:32", "elapsed": 13957.000925, "delta": 222.398862}}
{"target": -5178.5, "params": {"p1": 0.2172465699453282, "p2": 0.9522788465172715, "t1": 0.20195142525600984, "t2": 0.28724848779043977, "t3": 0.7545269759318111, "x": 0.23764453971996036, "y": 0.0607984134096623}, "datetime": {"datetime": "2020-12-08 08:41:44", "elapsed": 14149.234004, "delta": 192.233079}}
{"target": -1989.25, "params": {"p1": 0.1579835606071197, "p2": 0.7643764517069916, "t1": 0.3109395940344214, "t2": 0.39514527891110496, "t3": 0.9528051746715169, "x": 0.26633005213630123, "y": 0.17117682793803457}, "datetime": {"datetime": "2020-12-08 08:45:45", "elapsed": 14390.106397, "delta": 240.872393}}
{"target": -12617.75, "params": {"p1": 0.8155682130422489, "p2": 0.2956637421528562, "t1": 0.8376365312201929, "t2": 0.809222631557605, "t3": 0.9337188281196749, "x": 0.04307408662403711, "y": 0.09698207081018828}, "datetime": {"datetime": "2020-12-08 08:49:21", "elapsed": 14605.879336, "delta": 215.772939}}
{"target": -2974.25, "params": {"p1": 0.28447739693454077, "p2": 0.8553723525528114, "t1": 0.2048049652910091, "t2": 0.23117604132551894, "t3": 0.8615590567857583, "x": 0.19642350058374358, "y": 0.17881332725179433}, "datetime": {"datetime": "2020-12-08 08:52:47", "elapsed": 14812.001829, "delta": 206.122493}}
{"target": -909.0, "params": {"p1": 0.7808994728752111, "p2": 0.17993114119160702, "t1": 0.5021643909206878, "t2": 0.6566638950047123, "t3": 0.652896874811062, "x": 0.19143931592037822, "y": 0.09703045608317751}, "datetime": {"datetime": "2020-12-08 08:55:24", "elapsed": 14969.19217, "delta": 157.190341}}
{"target": -4085.25, "params": {"p1": 0.25158158089902805, "p2": 0.9374149072871605, "t1": 0.21693796353473394, "t2": 0.5384239895215304, "t3": 0.8513628620195636, "x": 0.31692311088844005, "y": 0.1919957785454608}, "datetime": {"datetime": "2020-12-08 08:58:59", "elapsed": 15184.221401, "delta": 215.029231}}
{"target": -3008.0, "params": {"p1": 0.339634253648048, "p2": 0.9253209517037584, "t1": 0.24320528563093025, "t2": 0.2980962798856919, "t3": 0.7494162343248489, "x": 0.28877058999960237, "y": 0.31845307967864056}, "datetime": {"datetime": "2020-12-08 09:02:02", "elapsed": 15366.974897, "delta": 182.753496}}
{"target": -6898.25, "params": {"p1": 0.22983422675198972, "p2": 0.3143049685692587, "t1": 0.10140078578068967, "t2": 0.2673310977668837, "t3": 0.6452030297791094, "x": 0.6101383966526527, "y": 0.2934725883960736}, "datetime": {"datetime": "2020-12-08 09:04:52", "elapsed": 15537.176074, "delta": 170.201177}}
{"target": 2208.75, "params": {"p1": 0.7090403617272428, "p2": 0.19033324903782256, "t1": 0.5053449899075443, "t2": 0.6931035273357594, "t3": 0.6042367219319466, "x": 0.1391111332029723, "y": 0.1296464095125519}, "datetime": {"datetime": "2020-12-08 09:07:15", "elapsed": 15680.041292, "delta": 142.865218}}
{"target": -2661.75, "params": {"p1": 0.35672990977803887, "p2": 0.974259790784765, "t1": 0.2539973795828676, "t2": 0.28185818485256575, "t3": 0.7061991306715336, "x": 0.1123573334568776, "y": 0.19847954158008152}, "datetime": {"datetime": "2020-12-08 09:10:04", "elapsed": 15849.26423, "delta": 169.222938}}
{"target": -4276.25, "params": {"p1": 0.26734420421091876, "p2": 0.970760096299741, "t1": 0.10040239955614183, "t2": 0.36938947773515063, "t3": 0.8986135223973354, "x": 0.37306119899125856, "y": 0.5286545031115735}, "datetime": {"datetime": "2020-12-08 09:13:34", "elapsed": 16059.093621, "delta": 209.829391}}
{"target": -50000.0, "params": {"p1": 0.22218683203514533, "p2": 0.2905633606698722, "t1": 0.1676597409343512, "t2": 0.4610615341318125, "t3": 0.18903312390433014, "x": 0.6227415755976291, "y": 0.8009910090251735}, "datetime": {"datetime": "2020-12-08 09:13:34", "elapsed": 16059.248279, "delta": 0.154658}}
{"target": -3888.25, "params": {"p1": 0.25706829590122027, "p2": 0.8862705155008829, "t1": 0.27529282461288307, "t2": 0.30162031368328, "t3": 0.8763053533411456, "x": 0.24016364789879951, "y": 0.12167511325943614}, "datetime": {"datetime": "2020-12-08 09:17:10", "elapsed": 16274.65283, "delta": 215.404551}}
{"target": -25152.75, "params": {"p1": 0.7491629188201511, "p2": 0.14918939473140125, "t1": 0.4469475104831845, "t2": 0.7473081146057555, "t3": 0.5808021510918512, "x": 0.14931797485389697, "y": 0.241935893522089}, "datetime": {"datetime": "2020-12-08 09:18:19", "elapsed": 16344.190325, "delta": 69.537495}}
{"target": -50000.0, "params": {"p1": 0.9878794221350603, "p2": 0.939614770059206, "t1": 0.3475860604715585, "t2": 0.621850945883475, "t3": 0.2327680181475439, "x": 0.03611174691558927, "y": 0.5057952418586116}, "datetime": {"datetime": "2020-12-08 09:18:19", "elapsed": 16344.324071, "delta": 0.133746}}
{"target": -2248.75, "params": {"p1": 0.36444043587038844, "p2": 0.9292555529029187, "t1": 0.20920907710284897, "t2": 0.3742146796003518, "t3": 0.8310527751317613, "x": 0.36143268906855175, "y": 0.3878459192668666}, "datetime": {"datetime": "2020-12-08 09:21:38", "elapsed": 16542.906324, "delta": 198.582253}}
{"target": -2929.0, "params": {"p1": 0.25880614076071873, "p2": 0.9742935668965856, "t1": 0.20863779512131908, "t2": 0.558181358389971, "t3": 0.8299536546278741, "x": 0.21388469016239564, "y": 0.20535227153390345}, "datetime": {"datetime": "2020-12-08 09:25:12", "elapsed": 16756.703357, "delta": 213.797033}}
{"target": -356.5, "params": {"p1": 0.734523834213245, "p2": 0.30357779953256014, "t1": 0.49019913214208555, "t2": 0.4719929090497571, "t3": 0.5089498058331811, "x": 0.35768385850950246, "y": 0.18621549322059372}, "datetime": {"datetime": "2020-12-08 09:27:13", "elapsed": 16878.119325, "delta": 121.415968}}
{"target": -31777.0, "params": {"p1": 0.589915857976072, "p2": 0.05692323304539182, "t1": 0.5989094302882916, "t2": 0.8003013329982421, "t3": 0.6491827885472112, "x": 0.05307781868626482, "y": 0.18320078940329676}, "datetime": {"datetime": "2020-12-08 09:28:30", "elapsed": 16955.025883, "delta": 76.906558}}
{"target": -3651.25, "params": {"p1": 0.39879993510546097, "p2": 0.8604548791279949, "t1": 0.20871344338796438, "t2": 0.5307168657288217, "t3": 0.720843876060579, "x": 0.2518232359984707, "y": 0.30256182971616596}, "datetime": {"datetime": "2020-12-08 09:32:10", "elapsed": 17175.473538, "delta": 220.447655}}
{"target": -11292.5, "params": {"p1": 0.1379870330227806, "p2": 0.855814041342566, "t1": 0.1450675513712536, "t2": 0.41484962952344995, "t3": 0.8509572342651096, "x": 0.4311586209208257, "y": 0.14620534584462996}, "datetime": {"datetime": "2020-12-08 09:38:13", "elapsed": 17538.215304, "delta": 362.741766}}
{"target": -4505.75, "params": {"p1": 0.2598540260618565, "p2": 0.9377696560405935, "t1": 0.1760778227813573, "t2": 0.5258691062898976, "t3": 0.8439930640312707, "x": 0.1466696162544776, "y": 0.17523204243028323}, "datetime": {"datetime": "2020-12-08 09:43:33", "elapsed": 17857.618233, "delta": 319.402929}}
{"target": -3867.0, "params": {"p1": 0.7481911727916344, "p2": 0.030125409449814677, "t1": 0.45569175593705613, "t2": 0.72730569443596, "t3": 0.6764331813915938, "x": 0.18738087847168883, "y": 0.3161028933999833}, "datetime": {"datetime": "2020-12-08 09:46:04", "elapsed": 18009.352648, "delta": 151.734415}}
{"target": -1588.25, "params": {"p1": 0.08518396598501154, "p2": 0.9151773512152674, "t1": 0.22343214741554351, "t2": 0.37895209370443794, "t3": 0.8603167596382182, "x": 0.4128777101983968, "y": 0.18109091417854317}, "datetime": {"datetime": "2020-12-08 09:49:21", "elapsed": 18206.120543, "delta": 196.767895}}
{"target": -4963.0, "params": {"p1": 0.17708490374915886, "p2": 0.882478666341839, "t1": 0.20459818252376893, "t2": 0.47443803182690425, "t3": 0.9551449079575545, "x": 0.1234712578937659, "y": 0.17711714788853727}, "datetime": {"datetime": "2020-12-08 09:52:36", "elapsed": 18401.46062, "delta": 195.340077}}
{"target": -7963.25, "params": {"p1": 0.03354810500630212, "p2": 0.8510572291416937, "t1": 0.09634393138848951, "t2": 0.43094775214759007, "t3": 0.9003988257368732, "x": 0.4277979797585739, "y": 0.2831489587735463}, "datetime": {"datetime": "2020-12-08 09:55:44", "elapsed": 18589.129927, "delta": 187.669307}}
{"target": -2803.5, "params": {"p1": 0.3189006415981498, "p2": 0.9900682340732802, "t1": 0.12652290046690118, "t2": 0.4049791986484905, "t3": 0.7327656016241851, "x": 0.3318186915220166, "y": 0.23531359343546943}, "datetime": {"datetime": "2020-12-08 09:58:17", "elapsed": 18741.89254, "delta": 152.762613}}
{"target": -27771.25, "params": {"p1": 0.6060470499412075, "p2": 0.06396692837797402, "t1": 0.4502599907588858, "t2": 0.7929636918140623, "t3": 0.6208685954736292, "x": 0.08652750621278626, "y": 0.3098356152227878}, "datetime": {"datetime": "2020-12-08 09:59:19", "elapsed": 18803.727473, "delta": 61.834933}}
{"target": -1700.75, "params": {"p1": 0.2554051940948474, "p2": 0.7945778118192941, "t1": 0.3235843786238396, "t2": 0.4393464548870555, "t3": 0.837360497590099, "x": 0.16434372496022642, "y": 0.18051877780091763}, "datetime": {"datetime": "2020-12-08 10:02:17", "elapsed": 18981.842692, "delta": 178.115219}}
{"target": -79.75, "params": {"p1": 0.2639270429950604, "p2": 0.8062289597522517, "t1": 0.8582092880360833, "t2": 0.9217839794384187, "t3": 0.7839016154145876, "x": 0.12206810516065358, "y": 0.07284227035197988}, "datetime": {"datetime": "2020-12-08 10:04:45", "elapsed": 19129.760152, "delta": 147.91746}}
{"target": -50000.0, "params": {"p1": 0.9569538197323143, "p2": 0.5135752792273373, "t1": 0.8781045381903012, "t2": 0.8197064147480215, "t3": 0.323002604105596, "x": 0.19981260796685285, "y": 0.6042871021603282}, "datetime": {"datetime": "2020-12-08 10:04:45", "elapsed": 19129.900813, "delta": 0.140661}}
{"target": -50000.0, "params": {"p1": 0.2756947106377481, "p2": 0.13122191626067015, "t1": 0.6120559484909974, "t2": 0.32464962540511155, "t3": 0.8410457807048489, "x": 0.29312203702899986, "y": 0.3100891171445296}, "datetime": {"datetime": "2020-12-08 10:04:45", "elapsed": 19130.063779, "delta": 0.162966}}
{"target": -50000.0, "params": {"p1": 0.23613939820962038, "p2": 0.9101302492822372, "t1": 0.319337888744585, "t2": 0.22209257816525707, "t3": 0.6951365292821771, "x": 0.2262485188208554, "y": 0.24006710125570374}, "datetime": {"datetime": "2020-12-08 10:04:45", "elapsed": 19130.224823, "delta": 0.161044}}
{"target": 505.5, "params": {"p1": 0.8261279187292737, "p2": 0.19513804843261873, "t1": 0.5702283813605742, "t2": 0.6574038918342159, "t3": 0.6187299201801569, "x": 0.18314990278657406, "y": 0.16527110625428376}, "datetime": {"datetime": "2020-12-08 10:06:47", "elapsed": 19252.2967, "delta": 122.071877}}
{"target": -1062.75, "params": {"p1": 0.6918519399132166, "p2": 0.1846183444497408, "t1": 0.5733918887132324, "t2": 0.6872228138804111, "t3": 0.6018997563137478, "x": 0.17243913036662906, "y": 0.11902687489708674}, "datetime": {"datetime": "2020-12-08 10:08:46", "elapsed": 19370.650982, "delta": 118.354282}}
{"target": -771.75, "params": {"p1": 0.34819059428197074, "p2": 0.9930763935936082, "t1": 0.3061442833366611, "t2": 0.34872892734813465, "t3": 0.8127288713971675, "x": 0.3434313410412343, "y": 0.4136903463230185}, "datetime": {"datetime": "2020-12-08 10:11:26", "elapsed": 19530.904763, "delta": 160.253781}}
{"target": -3455.0, "params": {"p1": 0.2973818867405985, "p2": 0.9343058081678486, "t1": 0.10015437494814938, "t2": 0.45652027367613224, "t3": 0.7952553911033733, "x": 0.32299410255675054, "y": 0.3759460312076418}, "datetime": {"datetime": "2020-12-08 10:14:14", "elapsed": 19699.389517, "delta": 168.484754}}
{"target": -50000.0, "params": {"p1": 0.31461565359243227, "p2": 0.8997187323415989, "t1": 0.05818259941892512, "t2": 0.5468114177061003, "t3": 0.16645484215874318, "x": 0.931525700362422, "y": 0.06657645573115634}, "datetime": {"datetime": "2020-12-08 10:14:14", "elapsed": 19699.520184, "delta": 0.130667}}
{"target": -50000.0, "params": {"p1": 0.05212430982553262, "p2": 0.46764093256203354, "t1": 0.9776852407083608, "t2": 0.6940218457252271, "t3": 0.3633541930828543, "x": 0.7635687314682058, "y": 0.602632808914044}, "datetime": {"datetime": "2020-12-08 10:14:15", "elapsed": 19699.644058, "delta": 0.123874}}
{"target": -1125.75, "params": {"p1": 0.6250187741530402, "p2": 0.08306865231720995, "t1": 0.5061475042521293, "t2": 0.5475676436275911, "t3": 0.6034449427682451, "x": 0.07134902775308383, "y": 0.26229338884196784}, "datetime": {"datetime": "2020-12-08 10:16:16", "elapsed": 19821.029025, "delta": 121.384967}}
{"target": -10700.25, "params": {"p1": 0.08048172507818352, "p2": 0.7826027545802096, "t1": 0.04452566959799131, "t2": 0.46257116023693656, "t3": 0.9712332572463037, "x": 0.23611623694684347, "y": 0.17451858812214738}, "datetime": {"datetime": "2020-12-08 10:19:40", "elapsed": 20025.18813, "delta": 204.159105}}
{"target": -9378.25, "params": {"p1": 0.14222938777743555, "p2": 0.980737782944872, "t1": 0.9454761361160894, "t2": 0.925922958396335, "t3": 0.865142300037818, "x": 0.1324072245911676, "y": 0.0306902317736214}, "datetime": {"datetime": "2020-12-08 10:22:24", "elapsed": 20189.547422, "delta": 164.359292}}
{"target": -10586.5, "params": {"p1": 0.19708457221444886, "p2": 0.815309155395464, "t1": 0.9017319896500272, "t2": 0.8655585055817111, "t3": 0.7574406671162579, "x": 0.16555601566264888, "y": 0.11340937896208503}, "datetime": {"datetime": "2020-12-08 10:24:13", "elapsed": 20298.177433, "delta": 108.630011}}
{"target": -8147.0, "params": {"p1": 0.1946907097590832, "p2": 0.8434323412913011, "t1": 0.15684822434187706, "t2": 0.5075308115913949, "t3": 0.9817225229576872, "x": 0.068071009613076, "y": 0.17247045759206803}, "datetime": {"datetime": "2020-12-08 10:27:28", "elapsed": 20493.175818, "delta": 194.998385}}
{"target": -17001.75, "params": {"p1": 0.5955856059115329, "p2": 0.09509568462988627, "t1": 0.49966469954213055, "t2": 0.8543012369718916, "t3": 0.6949927617108669, "x": 0.05675971986847561, "y": 0.26537491037831407}, "datetime": {"datetime": "2020-12-08 10:29:10", "elapsed": 20595.411316, "delta": 102.235498}}
{"target": -5712.25, "params": {"p1": 0.04985738110578386, "p2": 0.9163516586268016, "t1": 0.1200135878473888, "t2": 0.43816439756938874, "t3": 0.8702678043803901, "x": 0.46466561159218267, "y": 0.0833346814766428}, "datetime": {"datetime": "2020-12-08 10:33:04", "elapsed": 20828.658734, "delta": 233.247418}}
{"target": -5615.0, "params": {"p1": 0.7334761368023313, "p2": 0.06560627546117859, "t1": 0.47332136679771375, "t2": 0.7171867088352868, "t3": 0.7654841031243499, "x": 0.1843249789832362, "y": 0.22300995729611417}, "datetime": {"datetime": "2020-12-08 10:35:35", "elapsed": 20980.388749, "delta": 151.730015}}
{"target": -50000.0, "params": {"p1": 0.2748043352642612, "p2": 0.8216591320169147, "t1": 0.9441708024005997, "t2": 0.7724286643695181, "t3": 0.7544797247101576, "x": 0.15403855506911202, "y": 0.1198514646335419}, "datetime": {"datetime": "2020-12-08 10:35:35", "elapsed": 20980.570883, "delta": 0.182134}}
{"target": -3523.5, "params": {"p1": 0.10710167145460248, "p2": 0.9159412142205392, "t1": 0.18658110661717464, "t2": 0.38469461085478385, "t3": 0.8902884613111398, "x": 0.48254641201715, "y": 0.2774644803804116}, "datetime": {"datetime": "2020-12-08 10:38:40", "elapsed": 21164.636004, "delta": 184.065121}}
{"target": -50000.0, "params": {"p1": 0.9917410291703966, "p2": 0.3720078892355907, "t1": 0.5059693197739682, "t2": 0.28181384560905576, "t3": 0.7187529731460575, "x": 0.6229791951862764, "y": 0.662178404218749}, "datetime": {"datetime": "2020-12-08 10:38:40", "elapsed": 21164.786547, "delta": 0.150543}}
{"target": -4633.0, "params": {"p1": 0.31163640197859666, "p2": 0.958838350347209, "t1": 0.18601265018240154, "t2": 0.597083370530458, "t3": 0.791558693071628, "x": 0.2055369736928967, "y": 0.308249810861262}, "datetime": {"datetime": "2020-12-08 10:41:32", "elapsed": 21336.752479, "delta": 171.965932}}
{"target": -5973.25, "params": {"p1": 0.17688475249157853, "p2": 0.8433453900013902, "t1": 0.9634005019037748, "t2": 0.9298651703113765, "t3": 0.8321508998380028, "x": 0.1700689349081177, "y": 0.040754700327312765}, "datetime": {"datetime": "2020-12-08 10:44:10", "elapsed": 21495.116207, "delta": 158.363728}}
{"target": -374.0, "params": {"p1": 0.48139431907054353, "p2": 0.8820025406857334, "t1": 0.32734546240015605, "t2": 0.43945033477958495, "t3": 0.5691078649523541, "x": 0.7834788032267184, "y": 0.6601254489386761}, "datetime": {"datetime": "2020-12-08 10:46:07", "elapsed": 21612.560763, "delta": 117.444556}}
{"target": -5424.0, "params": {"p1": 0.8747181244413189, "p2": 0.4738345822366212, "t1": 0.7238081695438543, "t2": 0.8667873178924008, "t3": 0.9234304286378499, "x": 0.13979217219391016, "y": 0.004865259771537289}, "datetime": {"datetime": "2020-12-08 10:48:55", "elapsed": 21779.727056, "delta": 167.166293}}
{"target": -25017.0, "params": {"p1": 0.12145984553980838, "p2": 0.748754291324139, "t1": 0.9040048231046058, "t2": 0.8457745312686304, "t3": 0.7652269229895442, "x": 0.14787003764269147, "y": 0.03645936745870404}, "datetime": {"datetime": "2020-12-08 10:50:13", "elapsed": 21858.267447, "delta": 78.540391}}
{"target": -2210.0, "params": {"p1": 0.13403880403407764, "p2": 0.9579289358802845, "t1": 0.11177273135806431, "t2": 0.3839794821505572, "t3": 0.8606207218408783, "x": 0.4525357954594571, "y": 0.3231031159008019}, "datetime": {"datetime": "2020-12-08 10:53:15", "elapsed": 22039.72304, "delta": 181.455593}}
{"target": -7082.5, "params": {"p1": 0.06686697630249971, "p2": 0.8029013603133287, "t1": 0.09319171411688043, "t2": 0.4325532657111688, "t3": 0.9403345969582799, "x": 0.21913221279371564, "y": 0.24758553385583737}, "datetime": {"datetime": "2020-12-08 10:56:32", "elapsed": 22236.934103, "delta": 197.211063}}
{"target": -1961.5, "params": {"p1": 0.29703148543463687, "p2": 0.9458635218226185, "t1": 0.23114660448968272, "t2": 0.36796712500844075, "t3": 0.8476713633964473, "x": 0.13212744457429182, "y": 0.18398215603157497}, "datetime": {"datetime": "2020-12-08 10:59:22", "elapsed": 22407.133175, "delta": 170.199072}}
{"target": -50000.0, "params": {"p1": 0.04570012523178546, "p2": 0.3245365617726995, "t1": 0.49293468971536747, "t2": 0.30288087313971346, "t3": 0.7277147207191752, "x": 0.034402335985678434, "y": 0.8856390604768364}, "datetime": {"datetime": "2020-12-08 10:59:22", "elapsed": 22407.320993, "delta": 0.187818}}
{"target": -7912.75, "params": {"p1": 0.20571311508639312, "p2": 0.8249111982466488, "t1": 0.2855073031434672, "t2": 0.4696515877645352, "t3": 0.8430811626937688, "x": 0.24808363747021667, "y": 0.14482332159573263}, "datetime": {"datetime": "2020-12-08 11:02:21", "elapsed": 22586.609143, "delta": 179.28815}}
{"target": -4487.0, "params": {"p1": 0.8273033770299292, "p2": 0.247454891694594, "t1": 0.7106790290560484, "t2": 0.7009414280335353, "t3": 0.9237074562038108, "x": 0.07089060760970745, "y": 0.08819796571874894}, "datetime": {"datetime": "2020-12-08 11:05:13", "elapsed": 22757.960549, "delta": 171.351406}}
{"target": -6030.5, "params": {"p1": 0.7876381396924342, "p2": 0.28116781523855305, "t1": 0.7535690244576212, "t2": 0.7641637118131063, "t3": 0.878965187287723, "x": 0.0451691120811718, "y": 0.07342636830055138}, "datetime": {"datetime": "2020-12-08 11:07:56", "elapsed": 22920.946265, "delta": 162.985716}}
{"target": -50000.0, "params": {"p1": 0.6569188544639397, "p2": 0.0786718842425399, "t1": 0.35944846929107876, "t2": 0.7688413442663881, "t3": 0.5596889740237889, "x": 0.14454544376049894, "y": 0.28351176364057895}, "datetime": {"datetime": "2020-12-08 11:07:56", "elapsed": 22921.123404, "delta": 0.177139}}
