{"target": -50000.0, "params": {"p1": 0.14010937390931788, "p2": 0.09444149320983264, "t1": 0.64296610348755, "t2": 0.8535986844232987, "t3": 0.3727763178018746, "x": 0.9604485823364607, "y": 0.4898926724096604}, "datetime": {"datetime": "2020-12-08 11:07:56", "elapsed": 22921.285691, "delta": 0.162287}}
{"target": -50000.0, "params": {"p1": 0.6173990566704912, "p2": 0.9610135708832861, "t1": 0.6441339711926056, "t2": 0.5308645659643186, "t3": 0.40120027437813666, "x": 0.7463143665807128, "y": 0.12003903374392522}, "datetime": {"datetime": "2020-12-08 11:07:56", "elapsed": 22921.436744, "delta": 0.151053}}
{"target": -6253.75, "params": {"p1": 0.08752069051210143, "p2": 0.824343367025983, "t1": 0.18454778675537253, "t2": 0.462848957549408, "t3": 0.9934413051165416, "x": 0.31764277332190693, "y": 0.6729593586093274}, "datetime": {"datetime": "2020-12-08 11:11:14", "elapsed": 23119.371985, "delta": 197.935241}}
{"target": -1785.75, "params": {"p1": 0.7259708134940724, "p2": 0.04296855427089796, "t1": 0.4501286439505078, "t2": 0.7231467450927349, "t3": 0.7036890146144249, "x": 0.2473257038669141, "y": 0.3937848230262557}, "datetime": {"datetime": "2020-12-08 11:13:37", "elapsed": 23262.152419, "delta": 142.780434}}
{"target": -50000.0, "params": {"p1": 0.8503202104047518, "p2": 0.41500081988447235, "t1": 0.5163870244135625, "t2": 0.26840193670933554, "t3": 0.5590432107486883, "x": 0.5663408193136951, "y": 0.07167954595045256}, "datetime": {"datetime": "2020-12-08 11:13:37", "elapsed": 23262.356147, "delta": 0.203728}}
{"target": -8222.5, "params": {"p1": 0.04808171315442089, "p2": 0.8574320265099569, "t1": 0.09988241891570293, "t2": 0.4503556893842665, "t3": 0.9188190073221855, "x": 0.3196523851023326, "y": 0.2913336381359274}, "datetime": {"datetime": "2020-12-08 11:17:21", "elapsed": 23485.928039, "delta": 223.571892}}
