{"target": -50000.0, "params": {"p1": 0.136504429049071, "p2": 0.07558024960552223, "t1": 0.2665641813050944, "t2": 0.9391505820718309, "t3": 0.5529875812753511, "x": 0.5078520748336408, "y": 0.6870995423656368}, "datetime": {"datetime": "2020-12-08 05:41:16", "elapsed": 3320.622861, "delta": 0.092612}}
{"target": -2837.75, "params": {"p1": 0.8020861548335154, "p2": 0.3340897224863617, "t1": 0.7278151647965737, "t2": 0.7806081955644885, "t3": 0.8994204802762963, "x": 0.1402897903681788, "y": 0.07190697487757247}, "datetime": {"datetime": "2020-12-08 05:44:05", "elapsed": 3490.564288, "delta": 169.941427}}
{"target": -50000.0, "params": {"p1": 0.3388003962277266, "p2": 0.14822976009224587, "t1": 0.213735887980667, "t2": 0.011783955583586692, "t3": 0.13593954149711385, "x": 0.8120829047369128, "y": 0.48270870196309745}, "datetime": {"datetime": "2020-12-08 05:44:06", "elapsed": 3490.638151, "delta": 0.073863}}
{"target": -50000.0, "params": {"p1": 0.6097050174065104, "p2": 0.176757318351771, "t1": 0.4912198452622011, "t2": 0.7611846450025612, "t3": 0.5126353020921418, "x": 0.17305281885511303, "y": 0.09079243380821955}, "datetime": {"datetime": "2020-12-08 05:44:06", "elapsed": 3490.728814, "delta": 0.090663}}
{"target": -3541.5, "params": {"p1": 0.4436260040986393, "p2": 0.815818967808427, "t1": 0.3477157608770206, "t2": 0.5204594230913058, "t3": 0.9736261215973245, "x": 0.380686336511616, "y": 0.08958688535957615}, "datetime": {"datetime": "2020-12-08 05:47:29", "elapsed": 3694.023929, "delta": 203.295115}}
{"target": -1490.5, "params": {"p1": 0.34500802502445904, "p2": 0.945203684636001, "t1": 0.23221425174824672, "t2": 0.3041348797244573, "t3": 0.7532875639002743, "x": 0.1541636995625183, "y": 0.2073388542068858}, "datetime": {"datetime": "2020-12-08 05:50:08", "elapsed": 3852.750752, "delta": 158.726823}}
{"target": -4114.5, "params": {"p1": 0.8968311834910688, "p2": 0.29086060930178037, "t1": 0.7280283541206963, "t2": 0.7754079040587362, "t3": 0.8552696083217117, "x": 0.12140791483298485, "y": 0.04862617510481315}, "datetime": {"datetime": "2020-12-08 05:52:50", "elapsed": 4015.169979, "delta": 162.419227}}
{"target": -50000.0, "params": {"p1": 0.9213970225748611, "p2": 0.13979143669994443, "t1": 0.7261984553093932, "t2": 0.9173169878710904, "t3": 0.6889142765945286, "x": 0.4422144213391246, "y": 0.8342842002312741}, "datetime": {"datetime": "2020-12-08 05:52:50", "elapsed": 4015.287273, "delta": 0.117294}}
{"target": -690.25, "params": {"p1": 0.8214268411565412, "p2": 0.5357510230062577, "t1": 0.5492156126072056, "t2": 0.524422100659587, "t3": 0.510042367162393, "x": 0.6680932733208168, "y": 0.3313129693227881}, "datetime": {"datetime": "2020-12-08 05:54:35", "elapsed": 4120.064146, "delta": 104.776873}}
{"target": -50000.0, "params": {"p1": 0.03037089327208642, "p2": 0.4280424951626096, "t1": 0.8723323964732862, "t2": 0.6650639649127071, "t3": 0.5246284532857358, "x": 0.12006209649450295, "y": 0.09285399075911338}, "datetime": {"datetime": "2020-12-08 05:54:35", "elapsed": 4120.166384, "delta": 0.102238}}
{"target": -3184.0, "params": {"p1": 0.8403903782121512, "p2": 0.2433388027701322, "t1": 0.6540585811514523, "t2": 0.7710576269653573, "t3": 0.9140233907026379, "x": 0.037354731680520725, "y": 0.10137045876430117}, "datetime": {"datetime": "2020-12-08 05:57:34", "elapsed": 4299.44718, "delta": 179.280796}}
{"target": -11917.75, "params": {"p1": 0.8193803503396351, "p2": 0.5524706737771392, "t1": 0.6412133553855496, "t2": 0.5953290050783283, "t3": 0.6043281061343821, "x": 0.6122513930589566, "y": 0.3104001133067804}, "datetime": {"datetime": "2020-12-08 05:59:03", "elapsed": 4388.230487, "delta": 88.783307}}
{"target": -50000.0, "params": {"p1": 0.22556673185774367, "p2": 0.9594242576183235, "t1": 0.09163699890950905, "t2": 0.41368816087544, "t3": 0.1843896334836066, "x": 0.5333292048455156, "y": 0.3713595267207622}, "datetime": {"datetime": "2020-12-08 05:59:03", "elapsed": 4388.310253, "delta": 0.079766}}
{"target": -4347.75, "params": {"p1": 0.2979477887767292, "p2": 0.8223176102419675, "t1": 0.25379738580920064, "t2": 0.34624212820771305, "t3": 0.8607545615926915, "x": 0.1754507396174535, "y": 0.12617844616021168}, "datetime": {"datetime": "2020-12-08 06:02:04", "elapsed": 4568.726384, "delta": 180.416131}}
{"target": -22836.25, "params": {"p1": 0.40737531387293713, "p2": 0.008422980803513447, "t1": 0.5022376331518437, "t2": 0.9114783416869195, "t3": 0.7933148083492935, "x": 0.7217088544467803, "y": 0.06618269401141952}, "datetime": {"datetime": "2020-12-08 06:04:40", "elapsed": 4725.189265, "delta": 156.462881}}
{"target": -4189.5, "params": {"p1": 0.16561504730275256, "p2": 0.8110593904494414, "t1": 0.09088491370079466, "t2": 0.3758811865439311, "t3": 0.9210323654776248, "x": 0.19328404098283702, "y": 0.2179921441933843}, "datetime": {"datetime": "2020-12-08 06:07:59", "elapsed": 4923.983939, "delta": 198.794674}}
{"target": -3349.25, "params": {"p1": 0.13175082736881483, "p2": 0.8504299962187016, "t1": 0.17496286484789647, "t2": 0.43438457340608605, "t3": 0.9510908555024812, "x": 0.5289094558779821, "y": 0.6621385918461082}, "datetime": {"datetime": "2020-12-08 06:11:17", "elapsed": 5121.812751, "delta": 197.828812}}
{"target": -3998.0, "params": {"p1": 0.2900472256297151, "p2": 0.8917443078497495, "t1": 0.04812390826323765, "t2": 0.4433678156663028, "t3": 0.8980357375793767, "x": 0.5561794799362874, "y": 0.5861121600429539}, "datetime": {"datetime": "2020-12-08 06:15:03", "elapsed": 5347.668502, "delta": 225.855751}}
{"target": -318.5, "params": {"p1": 0.9954861739458255, "p2": 0.06391067597502653, "t1": 0.7283882282123673, "t2": 0.8272794641676288, "t3": 0.6947553031942373, "x": 0.5063735346813387, "y": 0.8577653389373682}, "datetime": {"datetime": "2020-12-08 06:17:17", "elapsed": 5481.912228, "delta": 134.243726}}
{"target": 357.25, "params": {"p1": 0.15296376172590065, "p2": 0.8952776030984875, "t1": 0.9922131205343782, "t2": 0.9596345479065859, "t3": 0.8134351756870978, "x": 0.11771485284955141, "y": 0.06123436695755968}, "datetime": {"datetime": "2020-12-08 06:20:01", "elapsed": 5646.276261, "delta": 164.364033}}
{"target": -1206.5, "params": {"p1": 0.3769040055962415, "p2": 0.994427685017738, "t1": 0.20792166127898437, "t2": 0.4236537315221319, "t3": 0.7781809113628088, "x": 0.2772934730799691, "y": 0.17023899678492926}, "datetime": {"datetime": "2020-12-08 06:22:44", "elapsed": 5808.764695, "delta": 162.488434}}
{"target": -50000.0, "params": {"p1": 0.9207892812459562, "p2": 0.6541805097874605, "t1": 0.4816064187821355, "t2": 0.988784676020921, "t3": 0.6917394473433621, "x": 0.6399281462324118, "y": 0.861801348429875}, "datetime": {"datetime": "2020-12-08 06:22:44", "elapsed": 5808.848979, "delta": 0.084284}}
{"target": -12166.5, "params": {"p1": 0.9657453666696357, "p2": 0.07975851928718092, "t1": 0.5935128714665181, "t2": 0.8951852782723609, "t3": 0.7232424252503623, "x": 0.5487143989350366, "y": 0.9787590993843813}, "datetime": {"datetime": "2020-12-08 06:24:30", "elapsed": 5915.0531, "delta": 106.204121}}
{"target": -8832.75, "params": {"p1": 0.2635181877998074, "p2": 0.9693228398704408, "t1": 0.02953916514884558, "t2": 0.43519857397174344, "t3": 0.9090440698955159, "x": 0.34861142187152083, "y": 0.42181062788331947}, "datetime": {"datetime": "2020-12-08 06:27:39", "elapsed": 6104.570339, "delta": 189.517239}}
{"target": -4592.25, "params": {"p1": 0.2323652483516525, "p2": 0.7920330915673617, "t1": 0.20394935663913294, "t2": 0.439776517916423, "t3": 0.9351715846513776, "x": 0.29143946160539913, "y": 0.14919064638099466}, "datetime": {"datetime": "2020-12-08 06:30:57", "elapsed": 6302.525665, "delta": 197.955326}}
{"target": -50000.0, "params": {"p1": 0.6371521521025519, "p2": 0.8999970216806565, "t1": 0.8989201550521165, "t2": 0.14013660643393022, "t3": 0.1500946651114604, "x": 0.262068189106213, "y": 0.9690706945544715}, "datetime": {"datetime": "2020-12-08 06:30:57", "elapsed": 6302.611148, "delta": 0.085483}}
{"target": -50000.0, "params": {"p1": 0.30297974192413446, "p2": 0.39188061804535956, "t1": 0.8802738644300785, "t2": 0.01590488982349636, "t3": 0.4404819064391704, "x": 0.8041846623039351, "y": 0.0014977664926170142}, "datetime": {"datetime": "2020-12-08 06:30:58", "elapsed": 6302.692478, "delta": 0.08133}}
{"target": -3390.0, "params": {"p1": 0.29398062931230595, "p2": 0.931100446025544, "t1": 0.22686359665905054, "t2": 0.26137366902587356, "t3": 0.7294949728811522, "x": 0.19701106474669738, "y": 0.22484371067812048}, "datetime": {"datetime": "2020-12-08 06:33:27", "elapsed": 6451.740342, "delta": 149.047864}}
{"target": -5896.25, "params": {"p1": 0.26667252772360783, "p2": 0.9144865369346048, "t1": 0.25149851692759906, "t2": 0.24731774732105116, "t3": 0.8181353846875892, "x": 0.20010981624530155, "y": 0.08524121864794942}, "datetime": {"datetime": "2020-12-08 06:36:10", "elapsed": 6615.118818, "delta": 163.378476}}
{"target": -6508.75, "params": {"p1": 0.40758524049549727, "p2": 0.9139130817326613, "t1": 0.23885829754821142, "t2": 0.4268577501785291, "t3": 0.8191635358187744, "x": 0.22187547825174014, "y": 0.1389336769459042}, "datetime": {"datetime": "2020-12-08 06:39:00", "elapsed": 6784.614812, "delta": 169.495994}}
{"target": -511.0, "params": {"p1": 0.3508485954644631, "p2": 0.9877784963451752, "t1": 0.298893797560171, "t2": 0.4365459185589794, "t3": 0.7799802509089953, "x": 0.2907779641090623, "y": 0.22504567472249892}, "datetime": {"datetime": "2020-12-08 06:41:46", "elapsed": 6950.819668, "delta": 166.204856}}
{"target": -4413.0, "params": {"p1": 0.3021750193820507, "p2": 0.9153172448860363, "t1": 0.22316822767541256, "t2": 0.3416683344655227, "t3": 0.7889663169009844, "x": 0.35010944583322734, "y": 0.2935294879288042}, "datetime": {"datetime": "2020-12-08 06:44:29", "elapsed": 7114.044094, "delta": 163.224426}}
{"target": -6064.75, "params": {"p1": 0.780118468387887, "p2": 0.07047007154922791, "t1": 0.454895204755733, "t2": 0.7364647824625258, "t3": 0.7366680674424103, "x": 0.151252950755286, "y": 0.15167967777038815}, "datetime": {"datetime": "2020-12-08 06:46:57", "elapsed": 7261.820127, "delta": 147.776033}}
{"target": -1586.25, "params": {"p1": 0.8855128931322718, "p2": 0.5375533175373797, "t1": 0.7494576449211777, "t2": 0.8160619196063306, "t3": 0.9289686288807751, "x": 0.016211940802467684, "y": 0.055377655526718805}, "datetime": {"datetime": "2020-12-08 06:49:50", "elapsed": 7435.307232, "delta": 173.487105}}
{"target": -50000.0, "params": {"p1": 0.9749074040745623, "p2": 0.031323903347289406, "t1": 0.8388268215082594, "t2": 0.8799074348348053, "t3": 0.6543463391219936, "x": 0.4997023610092415, "y": 0.8770302862990581}, "datetime": {"datetime": "2020-12-08 06:49:50", "elapsed": 7435.420736, "delta": 0.113504}}
{"target": -24381.75, "params": {"p1": 0.11266015290332987, "p2": 0.718552337856509, "t1": 0.0861554690070887, "t2": 0.8809062476990012, "t3": 0.8779253286583043, "x": 0.970893476633518, "y": 0.8749902162398088}, "datetime": {"datetime": "2020-12-08 06:52:51", "elapsed": 7616.358382, "delta": 180.937646}}
{"target": -3719.75, "params": {"p1": 0.11661320333351366, "p2": 0.8599763606232567, "t1": 0.1072014222531229, "t2": 0.42587818228183816, "t3": 0.8861505817272707, "x": 0.3400759418508654, "y": 0.631506248095621}, "datetime": {"datetime": "2020-12-08 06:55:56", "elapsed": 7800.622615, "delta": 184.264233}}
{"target": -6163.25, "params": {"p1": 0.33000518642532894, "p2": 0.9409285168263269, "t1": 0.3871934168951222, "t2": 0.515558189924132, "t3": 0.972652524945035, "x": 0.32158184272346224, "y": 0.10160723726358556}, "datetime": {"datetime": "2020-12-08 06:59:11", "elapsed": 7996.167446, "delta": 195.544831}}
{"target": -704.75, "params": {"p1": 0.08082187562612286, "p2": 0.8965279414865371, "t1": 0.12436507488818094, "t2": 0.3693433798766623, "t3": 0.8659384078905803, "x": 0.3933863382693725, "y": 0.2897487795017534}, "datetime": {"datetime": "2020-12-08 07:02:22", "elapsed": 8187.363064, "delta": 191.195618}}
{"target": -5942.25, "params": {"p1": 0.9095362434667877, "p2": 0.5325181545182492, "t1": 0.7814923691138216, "t2": 0.7653022451909129, "t3": 0.9047442146915018, "x": 0.12042776114647569, "y": 0.04638975339099427}, "datetime": {"datetime": "2020-12-08 07:06:46", "elapsed": 8451.468515, "delta": 264.105451}}
{"target": -37716.0, "params": {"p1": 0.23084417916080646, "p2": 0.7556736084250331, "t1": 0.007533916161979071, "t2": 0.3230552966585736, "t3": 0.7694217717094927, "x": 0.44770114408736283, "y": 0.1707730127713032}, "datetime": {"datetime": "2020-12-08 07:11:56", "elapsed": 8760.835264, "delta": 309.366749}}
{"target": -2187.75, "params": {"p1": 0.6295844873517007, "p2": 0.06941281679563693, "t1": 0.4866534593582251, "t2": 0.7912884790135928, "t3": 0.6915206087591822, "x": 0.07661542758441808, "y": 0.2465882755746367}, "datetime": {"datetime": "2020-12-08 07:15:47", "elapsed": 8991.98993, "delta": 231.154666}}
{"target": -6135.0, "params": {"p1": 0.5636210232194109, "p2": 0.09047250194293943, "t1": 0.41910024647293487, "t2": 0.767385444145526, "t3": 0.6697225948741576, "x": 0.03755543133935113, "y": 0.2760055988426643}, "datetime": {"datetime": "2020-12-08 07:21:02", "elapsed": 9307.313435, "delta": 315.323505}}
{"target": -11712.5, "params": {"p1": 0.050074830271050974, "p2": 0.741750107996927, "t1": 0.09989081498626318, "t2": 0.4279585311952725, "t3": 0.9264425259507648, "x": 0.18415352269558005, "y": 0.2371535559147343}, "datetime": {"datetime": "2020-12-08 07:26:22", "elapsed": 9627.326872, "delta": 320.013437}}
{"target": -2781.5, "params": {"p1": 0.20731152480329063, "p2": 0.9303267450192357, "t1": 0.28251234365041666, "t2": 0.48727914643937387, "t3": 0.8362316973406397, "x": 0.311387724345358, "y": 0.13192089997251977}, "datetime": {"datetime": "2020-12-08 07:29:49", "elapsed": 9834.153551, "delta": 206.826679}}
{"target": -1732.75, "params": {"p1": 0.33837948515393734, "p2": 0.9951353910419133, "t1": 0.1477309122516609, "t2": 0.3665203052346583, "t3": 0.6756782036486425, "x": 0.33186957603331124, "y": 0.23581935780703922}, "datetime": {"datetime": "2020-12-08 07:32:16", "elapsed": 9981.519787, "delta": 147.366236}}
{"target": -50000.0, "params": {"p1": 0.09551826330863178, "p2": 0.4978555927340027, "t1": 0.3455832291371995, "t2": 0.13307873785772573, "t3": 0.3409080195647266, "x": 0.2822001630970532, "y": 0.6964066569870272}, "datetime": {"datetime": "2020-12-08 07:32:17", "elapsed": 9981.640454, "delta": 0.120667}}
{"target": -12264.75, "params": {"p1": 0.6040431536960413, "p2": 0.12020910074447899, "t1": 0.39620294083617513, "t2": 0.7816300504829493, "t3": 0.7481391613775061, "x": 0.07086537778245305, "y": 0.2327663005850209}, "datetime": {"datetime": "2020-12-08 07:34:48", "elapsed": 10133.434442, "delta": 151.793988}}
{"target": -50000.0, "params": {"p1": 0.888455326926513, "p2": 0.5155710868861179, "t1": 0.8096992855152645, "t2": 0.643128462749561, "t3": 0.9069124762262161, "x": 0.18247770394262997, "y": 0.027123493432818946}, "datetime": {"datetime": "2020-12-08 07:34:48", "elapsed": 10133.537271, "delta": 0.102829}}
{"target": -50000.0, "params": {"p1": 0.03295637893342118, "p2": 0.11159120344081919, "t1": 0.6170851133058615, "t2": 0.26553699416300947, "t3": 0.506462108284513, "x": 0.7990967485388687, "y": 0.028685658879866516}, "datetime": {"datetime": "2020-12-08 07:34:49", "elapsed": 10133.63704, "delta": 0.099769}}
{"target": -4788.25, "params": {"p1": 0.06878179980641286, "p2": 0.8956673267116199, "t1": 0.13863322461194694, "t2": 0.3900543235587127, "t3": 0.9508256531828531, "x": 0.3342344803580837, "y": 0.6596794858592137}, "datetime": {"datetime": "2020-12-08 07:37:54", "elapsed": 10319.047446, "delta": 185.410406}}
{"target": -2747.75, "params": {"p1": 0.6978678720233917, "p2": 0.09531872480850301, "t1": 0.4740060229098727, "t2": 0.5953035830800175, "t3": 0.5786518099396328, "x": 0.035616581137167036, "y": 0.31432382518658275}, "datetime": {"datetime": "2020-12-08 07:39:51", "elapsed": 10436.521801, "delta": 117.474355}}
{"target": -50000.0, "params": {"p1": 0.5165561496651025, "p2": 0.4279078827594033, "t1": 0.40289958099634604, "t2": 0.28023349840575174, "t3": 0.2954098151219271, "x": 0.06825799662170529, "y": 0.9017326857989949}, "datetime": {"datetime": "2020-12-08 07:39:52", "elapsed": 10436.655553, "delta": 0.133752}}
{"target": -50000.0, "params": {"p1": 0.3532563016960659, "p2": 0.892544247432987, "t1": 0.3887479971806328, "t2": 0.7575759607397606, "t3": 0.18581474654928865, "x": 0.5761759773685883, "y": 0.4581416860007326}, "datetime": {"datetime": "2020-12-08 07:39:52", "elapsed": 10436.773899, "delta": 0.118346}}
{"target": -11380.5, "params": {"p1": 0.8220569571868914, "p2": 0.4163752676657897, "t1": 0.7376227820437244, "t2": 0.7397668231863636, "t3": 0.8613859118545629, "x": 0.17912778933155293, "y": 0.0880577169688056}, "datetime": {"datetime": "2020-12-08 07:42:29", "elapsed": 10594.079739, "delta": 157.30584}}
{"target": -50000.0, "params": {"p1": 0.08075835902139739, "p2": 0.030104165357980772, "t1": 0.5365465476856576, "t2": 0.7753448130488345, "t3": 0.3465670449393917, "x": 0.19385928868032198, "y": 0.986746137238117}, "datetime": {"datetime": "2020-12-08 07:42:29", "elapsed": 10594.184718, "delta": 0.104979}}
{"target": -1532.5, "params": {"p1": 0.0400624982538772, "p2": 0.9682938744940841, "t1": 0.19800433947703844, "t2": 0.34493388738004105, "t3": 0.8628634001516277, "x": 0.4145969003295731, "y": 0.3748115591567903}, "datetime": {"datetime": "2020-12-08 07:45:25", "elapsed": 10770.483034, "delta": 176.298316}}
{"target": -5819.25, "params": {"p1": 0.23093786608608402, "p2": 0.8708122004238094, "t1": 0.29746423558897406, "t2": 0.4543067248991268, "t3": 0.8547793199363047, "x": 0.30725010976333933, "y": 0.10471107739331942}, "datetime": {"datetime": "2020-12-08 07:48:25", "elapsed": 10950.50286, "delta": 180.019826}}
{"target": -15534.5, "params": {"p1": 0.6221557311599906, "p2": 0.18907772978737836, "t1": 0.4454439704650669, "t2": 0.7915400386246653, "t3": 0.653497420472269, "x": 0.10569320813329985, "y": 0.14841874640168817}, "datetime": {"datetime": "2020-12-08 07:50:05", "elapsed": 11050.047594, "delta": 99.544734}}
{"target": -8520.75, "params": {"p1": 0.6600552875775058, "p2": 0.04381565924847475, "t1": 0.5371172098428124, "t2": 0.7480464745522594, "t3": 0.8853270180021522, "x": 0.034162257942452534, "y": 0.16369157367589915}, "datetime": {"datetime": "2020-12-08 07:53:00", "elapsed": 11225.49321, "delta": 175.445616}}
{"target": -11000.75, "params": {"p1": 0.20514007134982815, "p2": 0.8334934849408453, "t1": 0.9548114505535688, "t2": 0.9027094180569467, "t3": 0.8001579014643572, "x": 0.08479234060861063, "y": 0.039761386917202546}, "datetime": {"datetime": "2020-12-08 07:54:55", "elapsed": 11339.770308, "delta": 114.277098}}
{"target": -9250.25, "params": {"p1": 0.8276200766148121, "p2": 0.05399001221118582, "t1": 0.09032290259491693, "t2": 0.32368668271646994, "t3": 0.39672492483536603, "x": 0.8677421274093859, "y": 0.26867631177471474}, "datetime": {"datetime": "2020-12-08 07:56:25", "elapsed": 11429.703174, "delta": 89.932866}}
{"target": -50000.0, "params": {"p1": 0.20685643138923882, "p2": 0.09459258516099867, "t1": 0.7461299176801286, "t2": 0.9965813747548045, "t3": 0.7178330790875519, "x": 0.9602471996490763, "y": 0.594496844576694}, "datetime": {"datetime": "2020-12-08 07:56:25", "elapsed": 11429.802299, "delta": 0.099125}}
{"target": -4561.25, "params": {"p1": 0.4034058007155764, "p2": 0.9220370585184928, "t1": 0.2696513105517123, "t2": 0.461163895516546, "t3": 0.8181645165840538, "x": 0.2473058547276472, "y": 0.2001086220216557}, "datetime": {"datetime": "2020-12-08 07:59:28", "elapsed": 11612.841467, "delta": 183.039168}}
{"target": 364.25, "params": {"p1": 0.24212559428059965, "p2": 0.8519053903261442, "t1": 0.34435366993064365, "t2": 0.42731193726193717, "t3": 0.8806726108920697, "x": 0.2636603999314997, "y": 0.18967388924381645}, "datetime": {"datetime": "2020-12-08 08:02:35", "elapsed": 11800.301874, "delta": 187.460407}}
{"target": -5414.25, "params": {"p1": 0.3860254447434631, "p2": 0.8409862774304078, "t1": 0.28655750668276514, "t2": 0.35805384406353846, "t3": 0.7557979416253072, "x": 0.2524821441772024, "y": 0.22089796513559312}, "datetime": {"datetime": "2020-12-08 08:05:17", "elapsed": 11962.528977, "delta": 162.227103}}
{"target": -11099.0, "params": {"p1": 0.6732562691435698, "p2": 0.18039052751830587, "t1": 0.5429765944135888, "t2": 0.7740121153595274, "t3": 0.6298687225219556, "x": 0.15875714778136096, "y": 0.10669428273716419}, "datetime": {"datetime": "2020-12-08 08:06:54", "elapsed": 12059.538585, "delta": 97.009608}}
{"target": -50000.0, "params": {"p1": 0.7216533262317699, "p2": 0.6780364182395385, "t1": 0.337972819974799, "t2": 0.1558057444190798, "t3": 0.04087883153978278, "x": 0.024635411541042318, "y": 0.4931079776862345}, "datetime": {"datetime": "2020-12-08 08:06:55", "elapsed": 12059.670482, "delta": 0.131897}}
{"target": -2720.25, "params": {"p1": 0.29409601971595256, "p2": 0.8939086802602658, "t1": 0.23114037356644612, "t2": 0.3615220573846297, "t3": 0.7036624401416787, "x": 0.3675034755780987, "y": 0.33330981104407476}, "datetime": {"datetime": "2020-12-08 08:09:28", "elapsed": 12212.971175, "delta": 153.300693}}
{"target": -50000.0, "params": {"p1": 0.13088311322299295, "p2": 0.9768928294425655, "t1": 0.7062004652799658, "t2": 0.7551671025401709, "t3": 0.552752106046479, "x": 0.0689965430352415, "y": 0.8263322451040874}, "datetime": {"datetime": "2020-12-08 08:09:28", "elapsed": 12213.082286, "delta": 0.111111}}
{"target": -1917.75, "params": {"p1": 0.383548211504234, "p2": 0.9276247127070574, "t1": 0.237720141644148, "t2": 0.49261837978566103, "t3": 0.7412356678062095, "x": 0.16475397572803718, "y": 0.2820234936811046}, "datetime": {"datetime": "2020-12-08 08:12:18", "elapsed": 12383.370234, "delta": 170.287948}}
