{"target": -50000.0, "params": {"p1": 0.417022004702574, "p2": 0.7203244934421581, "t1": 0.00011437481734488664, "t2": 0.30233257263183977, "t3": 0.14675589081711304, "x": 0.0923385947687978, "y": 0.1862602113776709}, "datetime": {"datetime": "2020-12-08 04:45:55", "elapsed": 0.0, "delta": 0.0}}
{"target": -50000.0, "params": {"p1": 0.34556072704304774, "p2": 0.39676747423066994, "t1": 0.538816734003357, "t2": 0.4191945144032948, "t3": 0.6852195003967595, "x": 0.20445224973151743, "y": 0.8781174363909454}, "datetime": {"datetime": "2020-12-08 04:45:55", "elapsed": 0.000168, "delta": 0.000168}}
{"target": -50000.0, "params": {"p1": 0.027387593197926163, "p2": 0.6704675101784022, "t1": 0.41730480236712697, "t2": 0.5586898284457517, "t3": 0.14038693859523377, "x": 0.1981014890848788, "y": 0.8007445686755367}, "datetime": {"datetime": "2020-12-08 04:45:55", "elapsed": 0.000288, "delta": 0.00012}}
{"target": -1105.0, "params": {"p1": 0.9682615757193975, "p2": 0.31342417815924284, "t1": 0.6923226156693141, "t2": 0.8763891522960383, "t3": 0.8946066635038473, "x": 0.08504421136977791, "y": 0.03905478323288236}, "datetime": {"datetime": "2020-12-08 04:45:55", "elapsed": 0.000406, "delta": 0.000118}}
{"target": -4987.0, "params": {"p1": 0.1698304195645689, "p2": 0.8781425034294131, "t1": 0.0983468338330501, "t2": 0.42110762500505217, "t3": 0.9578895301505019, "x": 0.5331652849730171, "y": 0.6918771139504734}, "datetime": {"datetime": "2020-12-08 04:45:55", "elapsed": 0.000521, "delta": 0.000115}}
{"target": -50000.0, "params": {"p1": 0.31551563100606295, "p2": 0.6865009276815837, "t1": 0.8346256718973729, "t2": 0.018288277344191806, "t3": 0.7501443149449675, "x": 0.9888610889064947, "y": 0.7481656543798394}, "datetime": {"datetime": "2020-12-08 04:45:55", "elapsed": 0.000637, "delta": 0.000116}}
{"target": -6456.5, "params": {"p1": 0.2804439920644052, "p2": 0.7892793284514885, "t1": 0.10322600657764203, "t2": 0.44789352617590517, "t3": 0.9085955030930956, "x": 0.2936141483736795, "y": 0.28777533858634874}, "datetime": {"datetime": "2020-12-08 04:45:55", "elapsed": 0.000753, "delta": 0.000116}}
{"target": -50000.0, "params": {"p1": 0.13002857211827767, "p2": 0.019366957870297075, "t1": 0.678835532939891, "t2": 0.21162811600005904, "t3": 0.2655466593722262, "x": 0.4915731592803383, "y": 0.053362545117080384}, "datetime": {"datetime": "2020-12-08 04:45:55", "elapsed": 0.000952, "delta": 0.000199}}
{"target": -50000.0, "params": {"p1": 0.5741176054920131, "p2": 0.14672857490581015, "t1": 0.5893055369032842, "t2": 0.6997583600209312, "t3": 0.10233442882782584, "x": 0.4140559878195683, "y": 0.6944001577277451}, "datetime": {"datetime": "2020-12-08 04:45:55", "elapsed": 0.001083, "delta": 0.000131}}
{"target": -37248.5, "params": {"p1": 0.41417926952690265, "p2": 0.04995345894608716, "t1": 0.5358964059155116, "t2": 0.6637946452197888, "t3": 0.5148891120583086, "x": 0.9445947559908133, "y": 0.5865550405019929}, "datetime": {"datetime": "2020-12-08 04:45:55", "elapsed": 0.001205, "delta": 0.000122}}
{"target": -15602.75, "params": {"p1": 0.8042271938111906, "p2": 0.8405504631520238, "t1": 0.24973718118367463, "t2": 1.0, "t3": 1.0, "x": 0.46167923336019345, "y": 0.10859730881716782}, "datetime": {"datetime": "2020-12-08 04:45:55", "elapsed": 0.001329, "delta": 0.000124}}
{"target": -38039.25, "params": {"p1": 0.0, "p2": 1.0, "t1": 0.0, "t2": 0.7833218520885488, "t3": 1.0, "x": 0.7585044712746198, "y": 0.23910772962308882}, "datetime": {"datetime": "2020-12-08 04:45:55", "elapsed": 0.001452, "delta": 0.000123}}
{"target": -22015.0, "params": {"p1": 0.9649405050630825, "p2": 0.0662996582127432, "t1": 0.052232984635561475, "t2": 0.6115398136999755, "t3": 0.5790623075468523, "x": 0.8607531389786538, "y": 0.4026377997653735}, "datetime": {"datetime": "2020-12-08 04:45:55", "elapsed": 0.001574, "delta": 0.000122}}
{"target": -5630.25, "params": {"p1": 0.3226872099485203, "p2": 0.7941832020638698, "t1": 0.029733671370705372, "t2": 0.4466492730973467, "t3": 0.9052851110430031, "x": 0.45073609301087114, "y": 0.32394959005855917}, "datetime": {"datetime": "2020-12-08 04:45:55", "elapsed": 0.0017, "delta": 0.000126}}
{"target": -27810.0, "params": {"p1": 1.0, "p2": 0.1928823573323989, "t1": 0.1033079609693677, "t2": 0.8520244349778281, "t3": 1.0, "x": 0.0, "y": 0.0}, "datetime": {"datetime": "2020-12-08 04:45:55", "elapsed": 0.001831, "delta": 0.000131}}
{"target": -1575.0, "params": {"p1": 0.19630216494745922, "p2": 0.8557497115979606, "t1": 0.17056350333233972, "t2": 0.3949642294660958, "t3": 0.8859504425426963, "x": 0.2657055745932281, "y": 0.1939407954884964}, "datetime": {"datetime": "2020-12-08 04:45:55", "elapsed": 0.001957, "delta": 0.000126}}
{"target": -50000.0, "params": {"p1": 0.9250988467721201, "p2": 0.8381925331351613, "t1": 0.007584767675558046, "t2": 0.8942212290612483, "t3": 0.00536627074396534, "x": 0.5087434877670002, "y": 0.4444980616083076}, "datetime": {"datetime": "2020-12-08 04:45:55", "elapsed": 0.002086, "delta": 0.000129}}
{"target": -42139.25, "params": {"p1": 0.11963823806168912, "p2": 1.0, "t1": 0.0, "t2": 0.0, "t3": 1.0, "x": 0.35090740046950475, "y": 0.35747882083805865}, "datetime": {"datetime": "2020-12-08 04:45:55", "elapsed": 0.002244, "delta": 0.000158}}
{"target": -6030.25, "params": {"p1": 0.40618886882387395, "p2": 0.8869403653879583, "t1": 0.4241605526842749, "t2": 0.5250725019295776, "t3": 0.998363419645194, "x": 0.35724044454294157, "y": 0.05423016710394183}, "datetime": {"datetime": "2020-12-08 04:45:55", "elapsed": 0.002372, "delta": 0.000128}}
{"target": -5967.0, "params": {"p1": 0.8147581333173186, "p2": 0.7173075393289242, "t1": 0.7926920911777343, "t2": 0.8549896080686146, "t3": 1.0, "x": 0.07379773082986997, "y": 0.0}, "datetime": {"datetime": "2020-12-08 04:45:55", "elapsed": 0.0025, "delta": 0.000128}}
{"target": -13573.75, "params": {"p1": 1.0, "p2": 0.4140950813850453, "t1": 0.890659930589008, "t2": 1.0, "t3": 1.0, "x": 0.4819646242897175, "y": 0.0}, "datetime": {"datetime": "2020-12-08 04:45:55", "elapsed": 0.002627, "delta": 0.000127}}
{"target": 310.75, "params": {"p1": 0.7651862631192111, "p2": 0.10951752470395315, "t1": 0.5219804080387407, "t2": 0.7682402277657538, "t3": 0.6871391732604623, "x": 0.13298154074487634, "y": 0.20192462101793163}, "datetime": {"datetime": "2020-12-08 04:45:55", "elapsed": 0.002756, "delta": 0.000129}}
{"target": -10801.75, "params": {"p1": 0.48749363897132264, "p2": 0.2037622462626159, "t1": 0.7312391883279298, "t2": 0.9663736959079403, "t3": 0.9202155434291999, "x": 0.042204798118175686, "y": 0.0}, "datetime": {"datetime": "2020-12-08 04:45:55", "elapsed": 0.002889, "delta": 0.000133}}
{"target": -453.75, "params": {"p1": 0.7655059575407351, "p2": 0.11072989959989689, "t1": 0.5226312225905604, "t2": 0.7685557642726941, "t3": 0.6875651273053603, "x": 0.13416196983077303, "y": 0.2030111854157621}, "datetime": {"datetime": "2020-12-08 04:45:55", "elapsed": 0.003025, "delta": 0.000136}}
{"target": 428.25, "params": {"p1": 0.7487330333367435, "p2": 0.04361064277247773, "t1": 0.4880661909197511, "t2": 0.752433212362188, "t3": 0.6664911864257519, "x": 0.06485295523791319, "y": 0.1371926316836742}, "datetime": {"datetime": "2020-12-08 04:45:55", "elapsed": 0.00316, "delta": 0.000135}}
{"target": -944.75, "params": {"p1": 0.7311308310191239, "p2": 0.03893360669103919, "t1": 0.4600948203676644, "t2": 0.7277595435111011, "t3": 0.6211955577039167, "x": 0.12953572560131993, "y": 0.23197707471478318}, "datetime": {"datetime": "2020-12-08 04:45:55", "elapsed": 0.003295, "delta": 0.000135}}
{"target": -50000.0, "params": {"p1": 0.4414343230123329, "p2": 0.5089737253516924, "t1": 0.5837946756819603, "t2": 0.8394475347611506, "t3": 0.00269690682153112, "x": 0.8179921235682618, "y": 0.11120394662202127}, "datetime": {"datetime": "2020-12-08 04:45:55", "elapsed": 0.003431, "delta": 0.000136}}
{"target": -6563.25, "params": {"p1": 0.30948998453482424, "p2": 0.8584863205171449, "t1": 0.23127109246674002, "t2": 0.4557999990152235, "t3": 0.9323142036486413, "x": 0.3682680150532154, "y": 0.17041703920271387}, "datetime": {"datetime": "2020-12-08 04:45:55", "elapsed": 0.00359, "delta": 0.000159}}
{"target": -1075.5, "params": {"p1": 0.6317572860343504, "p2": 0.06802414753935385, "t1": 0.5261501659247954, "t2": 0.791573822571527, "t3": 0.6935963975853471, "x": 0.10512130066564597, "y": 0.17367709854596622}, "datetime": {"datetime": "2020-12-08 04:45:55", "elapsed": 0.003766, "delta": 0.000176}}
{"target": 446.0, "params": {"p1": 0.7016785786768637, "p2": 0.15622838172222597, "t1": 0.508321139102804, "t2": 0.6799084348264843, "t3": 0.6319470954457804, "x": 0.09663628951700796, "y": 0.12963393028461656}, "datetime": {"datetime": "2020-12-08 04:45:55", "elapsed": 0.00391, "delta": 0.000144}}
{"target": -4138.25, "params": {"p1": 0.8868744550069712, "p2": 0.4871700166442173, "t1": 0.7445135746789742, "t2": 0.8744257233869352, "t3": 0.9449731847328893, "x": 0.0923091340902499, "y": 0.015184927648096985}, "datetime": {"datetime": "2020-12-08 04:45:55", "elapsed": 0.004051, "delta": 0.000141}}
{"target": -50000.0, "params": {"p1": 0.4653158654819931, "p2": 0.23563100350232935, "t1": 0.19200992297691843, "t2": 0.09679504981134057, "t3": 0.9277063430110857, "x": 0.4290591993406653, "y": 0.5963782908914641}, "datetime": {"datetime": "2020-12-08 04:45:55", "elapsed": 0.004197, "delta": 0.000146}}
{"target": -1942.75, "params": {"p1": 0.7384160381492467, "p2": 0.024603799892120592, "t1": 0.5645316247880329, "t2": 0.6835886995600978, "t3": 0.6952801489345558, "x": 0.1856880165247762, "y": 0.1059670937627093}, "datetime": {"datetime": "2020-12-08 04:45:55", "elapsed": 0.00434, "delta": 0.000143}}
{"target": -1604.25, "params": {"p1": 0.8278248995952414, "p2": 0.5914122506775258, "t1": 0.6136878243111815, "t2": 0.5492226004893299, "t3": 0.5980183315428573, "x": 0.6384158923533543, "y": 0.34534548514211827}, "datetime": {"datetime": "2020-12-08 04:45:55", "elapsed": 0.004486, "delta": 0.000146}}
{"target": -50000.0, "params": {"p1": 0.1370069521429068, "p2": 0.9930978862155242, "t1": 0.30071265224910737, "t2": 0.6768386592076774, "t3": 0.12666706392254135, "x": 0.7215639361904148, "y": 0.07869756379245985}, "datetime": {"datetime": "2020-12-08 04:45:55", "elapsed": 0.004633, "delta": 0.000147}}
{"target": -6222.5, "params": {"p1": 0.7765608057301169, "p2": 0.1711986900991242, "t1": 0.6039079560280558, "t2": 0.7922202197231495, "t3": 0.7802446020171021, "x": 0.05212218099118178, "y": 0.02695293525214243}, "datetime": {"datetime": "2020-12-08 04:45:55", "elapsed": 0.004779, "delta": 0.000146}}
{"target": -50000.0, "params": {"p1": 0.7481774603263048, "p2": 0.09975382156311394, "t1": 0.5031702225826196, "t2": 0.8304962331840152, "t3": 0.5873225350897037, "x": 0.17120414495856467, "y": 0.06978336461363696}, "datetime": {"datetime": "2020-12-08 04:45:55", "elapsed": 0.004929, "delta": 0.00015}}
{"target": -1386.0, "params": {"p1": 0.17727873765196295, "p2": 0.8829451403976907, "t1": 0.162913605049754, "t2": 0.4166907726288363, "t3": 0.8735146213615063, "x": 0.42261246825770643, "y": 0.31313123631684164}, "datetime": {"datetime": "2020-12-08 04:45:55", "elapsed": 0.005081, "delta": 0.000152}}
{"target": -5975.25, "params": {"p1": 0.2146273692177652, "p2": 0.8273199195626992, "t1": 0.08014080851473603, "t2": 0.41842307914551397, "t3": 0.8011429589462299, "x": 0.414793223826658, "y": 0.1669150336650508}, "datetime": {"datetime": "2020-12-08 04:45:55", "elapsed": 0.005232, "delta": 0.000151}}
{"target": -5857.0, "params": {"p1": 0.7792769600153284, "p2": 0.30031650691297246, "t1": 0.7164484904205998, "t2": 0.8537214918433115, "t3": 0.9450156698670363, "x": 0.029379836653208945, "y": 0.0378273203683154}, "datetime": {"datetime": "2020-12-08 04:45:55", "elapsed": 0.005388, "delta": 0.000156}}
{"target": -14727.75, "params": {"p1": 0.6234099218414445, "p2": 0.047452238642491484, "t1": 0.5847908859631021, "t2": 0.5466408310001433, "t3": 0.7609493541761716, "x": 0.17206516540981698, "y": 0.1452328246494513}, "datetime": {"datetime": "2020-12-08 04:45:55", "elapsed": 0.005543, "delta": 0.000155}}
{"target": 301.5, "params": {"p1": 0.9642995460342999, "p2": 0.0924825497500672, "t1": 0.6690518079079166, "t2": 0.8221928597372379, "t3": 0.66888197688478, "x": 0.5403021206314121, "y": 0.867804472894203}, "datetime": {"datetime": "2020-12-08 04:45:55", "elapsed": 0.005698, "delta": 0.000155}}
{"target": -4905.0, "params": {"p1": 0.7406213937686033, "p2": 0.07811386571577676, "t1": 0.5382537765699482, "t2": 0.6784005008378278, "t3": 0.7408677017577147, "x": 0.0349329629575289, "y": 0.2133569972100001}, "datetime": {"datetime": "2020-12-08 04:45:55", "elapsed": 0.005858, "delta": 0.00016}}
{"target": -50000.0, "params": {"p1": 0.027575004348895815, "p2": 0.45477851323360907, "t1": 0.6886389008326793, "t2": 0.190856900842714, "t3": 0.6716944234693555, "x": 0.3411900943547711, "y": 0.8208104729104765}, "datetime": {"datetime": "2020-12-08 04:45:55", "elapsed": 0.006015, "delta": 0.000157}}
{"target": -50000.0, "params": {"p1": 0.2838883724264869, "p2": 0.44132004628547816, "t1": 0.23961001332113774, "t2": 0.7369628283472677, "t3": 0.4918893888700515, "x": 0.736357052434965, "y": 0.4179596004613396}, "datetime": {"datetime": "2020-12-08 04:45:55", "elapsed": 0.006173, "delta": 0.000158}}
{"target": -10645.25, "params": {"p1": 0.719894715922333, "p2": 0.09248082789160926, "t1": 0.4159886684001898, "t2": 0.7063661498495717, "t3": 0.7709534615742697, "x": 0.12963673368902912, "y": 0.14962730596100568}, "datetime": {"datetime": "2020-12-08 04:45:55", "elapsed": 0.006358, "delta": 0.000185}}
{"target": -2265.75, "params": {"p1": 0.25017104175416244, "p2": 1.0, "t1": 0.07217100046152689, "t2": 0.46853502635118405, "t3": 0.8869278809905198, "x": 0.33900152208624246, "y": 0.24621532819820002}, "datetime": {"datetime": "2020-12-08 04:45:55", "elapsed": 0.006519, "delta": 0.000161}}
{"target": -614.0, "params": {"p1": 0.3156428890861186, "p2": 0.932754598234974, "t1": 0.1771956757813072, "t2": 0.3749450107814943, "t3": 0.7641372022939276, "x": 0.33343988480366854, "y": 0.29375009980264843}, "datetime": {"datetime": "2020-12-08 04:45:55", "elapsed": 0.006687, "delta": 0.000168}}
{"target": -1573.5, "params": {"p1": 0.28918062357903496, "p2": 0.9529796951108279, "t1": 0.11436374097928885, "t2": 0.4512211900274033, "t3": 0.8563063073323717, "x": 0.39689076319676503, "y": 0.4857467790621186}, "datetime": {"datetime": "2020-12-08 04:48:37", "elapsed": 161.900048, "delta": 161.893361}}
{"target": -59.0, "params": {"p1": 0.7652588122142013, "p2": 0.10979265212428878, "t1": 0.5221280990948308, "t2": 0.7683118332942638, "t3": 0.6872358361309542, "x": 0.1332494186186087, "y": 0.20217119793139612}, "datetime": {"datetime": "2020-12-08 04:50:54", "elapsed": 299.366982, "delta": 137.466934}}
{"target": -1695.75, "params": {"p1": 0.18938890953135346, "p2": 0.9178064092218947, "t1": 0.11128450581514371, "t2": 0.41743953881675466, "t3": 0.7739364098393432, "x": 0.3469448211805276, "y": 0.548601021433825}, "datetime": {"datetime": "2020-12-08 04:54:51", "elapsed": 536.033753, "delta": 236.666771}}
{"target": -446.5, "params": {"p1": 0.7559870757146917, "p2": 0.026746109206488122, "t1": 0.5492719436261676, "t2": 0.6696678614144135, "t3": 0.714829295791819, "x": 0.22001375019385627, "y": 0.22319635019360928}, "datetime": {"datetime": "2020-12-08 04:57:21", "elapsed": 685.731147, "delta": 149.697394}}
{"target": -3817.5, "params": {"p1": 0.3572700018304892, "p2": 0.9123980623554581, "t1": 0.18448637288677727, "t2": 0.37318209373589906, "t3": 0.7909638883128871, "x": 0.25957106069556823, "y": 0.1996467411780133}, "datetime": {"datetime": "2020-12-08 05:00:06", "elapsed": 850.92753, "delta": 165.196383}}
{"target": -2902.0, "params": {"p1": 0.31170417434134645, "p2": 0.9674604278168462, "t1": 0.07510001650457843, "t2": 0.520748484912395, "t3": 0.7720175587816575, "x": 0.32475345176839665, "y": 0.45391805822167997}, "datetime": {"datetime": "2020-12-08 05:02:57", "elapsed": 1022.273717, "delta": 171.346187}}
{"target": -2505.0, "params": {"p1": 0.6379185109797872, "p2": 0.08956302281915562, "t1": 0.4381828944689715, "t2": 0.6877323604837953, "t3": 0.6241441786762707, "x": 0.044425539575673745, "y": 0.2536007342348455}, "datetime": {"datetime": "2020-12-08 05:05:06", "elapsed": 1151.020285, "delta": 128.746568}}
{"target": -4141.0, "params": {"p1": 0.43070620180636154, "p2": 0.8666083688133341, "t1": 0.2568548658045259, "t2": 0.4412241822852908, "t3": 0.9171964795362132, "x": 0.29104876843101035, "y": 0.1782942619236425}, "datetime": {"datetime": "2020-12-08 05:08:10", "elapsed": 1335.354574, "delta": 184.334289}}
{"target": -50000.0, "params": {"p1": 0.8741987052918422, "p2": 0.531244918286957, "t1": 0.599264294802854, "t2": 0.49056442838887804, "t3": 0.6026633180115538, "x": 0.5949628645509072, "y": 0.38205181596334725}, "datetime": {"datetime": "2020-12-08 05:08:10", "elapsed": 1335.459712, "delta": 0.105138}}
{"target": -50000.0, "params": {"p1": 0.5246598634704751, "p2": 0.3204674691130143, "t1": 0.2816878438465834, "t2": 0.1970407636578913, "t3": 0.9357301356728925, "x": 0.4924272844184333, "y": 0.6411758159106733}, "datetime": {"datetime": "2020-12-08 05:08:10", "elapsed": 1335.541667, "delta": 0.081955}}
{"target": -1378.25, "params": {"p1": 0.6587388420638585, "p2": 0.14450132479978228, "t1": 0.5015163757555711, "t2": 0.7201989762120491, "t3": 0.6270398430073635, "x": 0.1394443213388391, "y": 0.14140525437313212}, "datetime": {"datetime": "2020-12-08 05:10:18", "elapsed": 1463.317936, "delta": 127.776269}}
{"target": -4995.5, "params": {"p1": 0.1942288952595672, "p2": 0.8915711869070828, "t1": 0.29243341468682904, "t2": 0.4020125297797902, "t3": 0.8667118460296018, "x": 0.2620879755385386, "y": 0.11410166284635825}, "datetime": {"datetime": "2020-12-08 05:13:23", "elapsed": 1647.638379, "delta": 184.320443}}
{"target": -50000.0, "params": {"p1": 0.1688704781518886, "p2": 0.9933527268340375, "t1": 0.3265318180559937, "t2": 0.6887704584417527, "t3": 0.15891236044295154, "x": 0.7318443837363889, "y": 0.11271399557152374}, "datetime": {"datetime": "2020-12-08 05:13:23", "elapsed": 1647.761244, "delta": 0.122865}}
{"target": -2565.75, "params": {"p1": 0.8052706393749322, "p2": 0.2633046746761569, "t1": 0.8296676485162889, "t2": 0.8587102438072574, "t3": 0.9198377623659955, "x": 0.05056963282288174, "y": 0.03838273462462838}, "datetime": {"datetime": "2020-12-08 05:16:15", "elapsed": 1820.571, "delta": 172.809756}}
{"target": -1826.25, "params": {"p1": 0.17467580608242927, "p2": 0.9552472416049087, "t1": 0.16854647114473287, "t2": 0.46672271196425874, "t3": 0.9121233766868679, "x": 0.611400907040349, "y": 0.6717818047938351}, "datetime": {"datetime": "2020-12-08 05:19:28", "elapsed": 2012.972319, "delta": 192.401319}}
{"target": -68.5, "params": {"p1": 0.41031940553274204, "p2": 0.8669076150341803, "t1": 0.14538884352521697, "t2": 0.3613719083426731, "t3": 0.7944494493957708, "x": 0.2441698110658712, "y": 0.3211998246692833}, "datetime": {"datetime": "2020-12-08 05:22:13", "elapsed": 2178.296794, "delta": 165.324475}}
{"target": 306.75, "params": {"p1": 0.9949352012591732, "p2": 0.05285161706419206, "t1": 0.6297843287990631, "t2": 0.867238300771215, "t3": 0.7243677465481176, "x": 0.5493195425694379, "y": 0.9248571295807116}, "datetime": {"datetime": "2020-12-08 05:24:33", "elapsed": 2318.041878, "delta": 139.745084}}
{"target": -4625.75, "params": {"p1": 0.7067162049476731, "p2": 0.1273908707625856, "t1": 0.5555399060333968, "t2": 0.7804269246839387, "t3": 0.7634108512250651, "x": 0.013949468140182608, "y": 0.09844250466394378}, "datetime": {"datetime": "2020-12-08 05:27:04", "elapsed": 2469.233008, "delta": 151.19113}}
{"target": -3749.5, "params": {"p1": 0.161854808220515, "p2": 0.9238839102785655, "t1": 0.0404294818386044, "t2": 0.4232743776537107, "t3": 0.8938674028522476, "x": 0.576041527564529, "y": 0.5961942733434511}, "datetime": {"datetime": "2020-12-08 05:30:22", "elapsed": 2666.864524, "delta": 197.631516}}
{"target": -12061.75, "params": {"p1": 0.9644455213838429, "p2": 0.09619329183597645, "t1": 0.6704050197765297, "t2": 0.8229198941742798, "t3": 0.6702358831743377, "x": 0.5421817762427796, "y": 0.8683450063085912}, "datetime": {"datetime": "2020-12-08 05:32:00", "elapsed": 2765.227975, "delta": 98.363451}}
{"target": 1016.0, "params": {"p1": 0.7114002795405484, "p2": 0.10107342555453092, "t1": 0.5404994675642368, "t2": 0.7284036325924956, "t3": 0.6257894379764571, "x": 0.17761460955554553, "y": 0.1629495245702961}, "datetime": {"datetime": "2020-12-08 05:34:07", "elapsed": 2892.011798, "delta": 126.783823}}
{"target": -50000.0, "params": {"p1": 0.03155342438608453, "p2": 0.457009142945266, "t1": 0.6899127525346288, "t2": 0.19416729612567865, "t3": 0.6730375990251378, "x": 0.3438854410818083, "y": 0.8215435795338311}, "datetime": {"datetime": "2020-12-08 05:34:07", "elapsed": 2892.118231, "delta": 0.106433}}
{"target": -7633.25, "params": {"p1": 0.6786381716555518, "p2": 0.02758898605502169, "t1": 0.5212796599935346, "t2": 0.783726685895216, "t3": 0.7820198613539939, "x": 0.054761570914230506, "y": 0.15130307987218095}, "datetime": {"datetime": "2020-12-08 05:36:45", "elapsed": 3049.97931, "delta": 157.861079}}
{"target": -7459.25, "params": {"p1": 0.233153777987532, "p2": 0.901348715535062, "t1": 0.3113937969040167, "t2": 0.3191776684812889, "t3": 0.8498537392579382, "x": 0.21594060689199857, "y": 0.07266418753491555}, "datetime": {"datetime": "2020-12-08 05:39:36", "elapsed": 3221.260161, "delta": 171.280851}}
{"target": -11737.0, "params": {"p1": 0.8832523313205551, "p2": 0.11671623312968493, "t1": 0.6337553896901729, "t2": 0.8312571878122991, "t3": 0.6643420054953898, "x": 0.45381822462994426, "y": 0.9019902144990731}, "datetime": {"datetime": "2020-12-08 05:41:15", "elapsed": 3320.530249, "delta": 99.270088}}
