{"target": -50000.0, "params": {"p1": 0.417022004702574, "p2": 0.7203244934421581, "t1": 0.00011437481734488664, "t2": 0.30233257263183977, "t3": 0.14675589081711304, "x": 0.0923385947687978, "y": 0.1862602113776709}, "datetime": {"datetime": "2020-12-08 02:46:53", "elapsed": 0.0, "delta": 0.0}}
{"target": -50000.0, "params": {"p1": 0.34556072704304774, "p2": 0.39676747423066994, "t1": 0.538816734003357, "t2": 0.4191945144032948, "t3": 0.6852195003967595, "x": 0.20445224973151743, "y": 0.8781174363909454}, "datetime": {"datetime": "2020-12-08 02:46:53", "elapsed": 0.000165, "delta": 0.000165}}
{"target": -50000.0, "params": {"p1": 0.027387593197926163, "p2": 0.6704675101784022, "t1": 0.41730480236712697, "t2": 0.5586898284457517, "t3": 0.14038693859523377, "x": 0.1981014890848788, "y": 0.8007445686755367}, "datetime": {"datetime": "2020-12-08 02:46:53", "elapsed": 0.000287, "delta": 0.000122}}
{"target": -1105.0, "params": {"p1": 0.9682615757193975, "p2": 0.31342417815924284, "t1": 0.6923226156693141, "t2": 0.8763891522960383, "t3": 0.8946066635038473, "x": 0.08504421136977791, "y": 0.03905478323288236}, "datetime": {"datetime": "2020-12-08 02:46:53", "elapsed": 0.000404, "delta": 0.000117}}
{"target": -4987.0, "params": {"p1": 0.1698304195645689, "p2": 0.8781425034294131, "t1": 0.0983468338330501, "t2": 0.42110762500505217, "t3": 0.9578895301505019, "x": 0.5331652849730171, "y": 0.6918771139504734}, "datetime": {"datetime": "2020-12-08 02:46:53", "elapsed": 0.000522, "delta": 0.000118}}
{"target": -50000.0, "params": {"p1": 0.31551563100606295, "p2": 0.6865009276815837, "t1": 0.8346256718973729, "t2": 0.018288277344191806, "t3": 0.7501443149449675, "x": 0.9888610889064947, "y": 0.7481656543798394}, "datetime": {"datetime": "2020-12-08 02:46:53", "elapsed": 0.00064, "delta": 0.000118}}
{"target": -6456.5, "params": {"p1": 0.2804439920644052, "p2": 0.7892793284514885, "t1": 0.10322600657764203, "t2": 0.44789352617590517, "t3": 0.9085955030930956, "x": 0.2936141483736795, "y": 0.28777533858634874}, "datetime": {"datetime": "2020-12-08 02:46:53", "elapsed": 0.000762, "delta": 0.000122}}
{"target": -50000.0, "params": {"p1": 0.13002857211827767, "p2": 0.019366957870297075, "t1": 0.678835532939891, "t2": 0.21162811600005904, "t3": 0.2655466593722262, "x": 0.4915731592803383, "y": 0.053362545117080384}, "datetime": {"datetime": "2020-12-08 02:46:53", "elapsed": 0.000883, "delta": 0.000121}}
{"target": -50000.0, "params": {"p1": 0.5741176054920131, "p2": 0.14672857490581015, "t1": 0.5893055369032842, "t2": 0.6997583600209312, "t3": 0.10233442882782584, "x": 0.4140559878195683, "y": 0.6944001577277451}, "datetime": {"datetime": "2020-12-08 02:46:53", "elapsed": 0.001012, "delta": 0.000129}}
{"target": -37248.5, "params": {"p1": 0.41417926952690265, "p2": 0.04995345894608716, "t1": 0.5358964059155116, "t2": 0.6637946452197888, "t3": 0.5148891120583086, "x": 0.9445947559908133, "y": 0.5865550405019929}, "datetime": {"datetime": "2020-12-08 02:46:53", "elapsed": 0.001135, "delta": 0.000123}}
{"target": -15602.75, "params": {"p1": 0.8042271938111906, "p2": 0.8405504631520238, "t1": 0.24973718118367463, "t2": 1.0, "t3": 1.0, "x": 0.46167923336019345, "y": 0.10859730881716782}, "datetime": {"datetime": "2020-12-08 02:46:53", "elapsed": 0.00126, "delta": 0.000125}}
{"target": -38039.25, "params": {"p1": 0.0, "p2": 1.0, "t1": 0.0, "t2": 0.7833218520885488, "t3": 1.0, "x": 0.7585044712746198, "y": 0.23910772962308882}, "datetime": {"datetime": "2020-12-08 02:46:53", "elapsed": 0.001384, "delta": 0.000124}}
{"target": -22015.0, "params": {"p1": 0.9649405050630825, "p2": 0.0662996582127432, "t1": 0.052232984635561475, "t2": 0.6115398136999755, "t3": 0.5790623075468523, "x": 0.8607531389786538, "y": 0.4026377997653735}, "datetime": {"datetime": "2020-12-08 02:46:53", "elapsed": 0.001508, "delta": 0.000124}}
{"target": -5630.25, "params": {"p1": 0.3226872099485203, "p2": 0.7941832020638698, "t1": 0.029733671370705372, "t2": 0.4466492730973467, "t3": 0.9052851110430031, "x": 0.45073609301087114, "y": 0.32394959005855917}, "datetime": {"datetime": "2020-12-08 02:46:53", "elapsed": 0.001636, "delta": 0.000128}}
{"target": -27810.0, "params": {"p1": 1.0, "p2": 0.1928823573323989, "t1": 0.1033079609693677, "t2": 0.8520244349778281, "t3": 1.0, "x": 0.0, "y": 0.0}, "datetime": {"datetime": "2020-12-08 02:46:53", "elapsed": 0.001767, "delta": 0.000131}}
{"target": -1575.0, "params": {"p1": 0.19630216494745922, "p2": 0.8557497115979606, "t1": 0.17056350333233972, "t2": 0.3949642294660958, "t3": 0.8859504425426963, "x": 0.2657055745932281, "y": 0.1939407954884964}, "datetime": {"datetime": "2020-12-08 02:46:53", "elapsed": 0.001901, "delta": 0.000134}}
{"target": -50000.0, "params": {"p1": 0.9250988467721201, "p2": 0.8381925331351613, "t1": 0.007584767675558046, "t2": 0.8942212290612483, "t3": 0.00536627074396534, "x": 0.5087434877670002, "y": 0.4444980616083076}, "datetime": {"datetime": "2020-12-08 02:46:53", "elapsed": 0.002033, "delta": 0.000132}}
{"target": -42139.25, "params": {"p1": 0.11963823806168912, "p2": 1.0, "t1": 0.0, "t2": 0.0, "t3": 1.0, "x": 0.35090740046950475, "y": 0.35747882083805865}, "datetime": {"datetime": "2020-12-08 02:46:53", "elapsed": 0.002164, "delta": 0.000131}}
{"target": -6030.25, "params": {"p1": 0.40618886882387395, "p2": 0.8869403653879583, "t1": 0.4241605526842749, "t2": 0.5250725019295776, "t3": 0.998363419645194, "x": 0.35724044454294157, "y": 0.05423016710394183}, "datetime": {"datetime": "2020-12-08 02:46:53", "elapsed": 0.002291, "delta": 0.000127}}
{"target": -5967.0, "params": {"p1": 0.8147581333173186, "p2": 0.7173075393289242, "t1": 0.7926920911777343, "t2": 0.8549896080686146, "t3": 1.0, "x": 0.07379773082986997, "y": 0.0}, "datetime": {"datetime": "2020-12-08 02:46:53", "elapsed": 0.002419, "delta": 0.000128}}
{"target": -13573.75, "params": {"p1": 1.0, "p2": 0.4140950813850453, "t1": 0.890659930589008, "t2": 1.0, "t3": 1.0, "x": 0.4819646242897175, "y": 0.0}, "datetime": {"datetime": "2020-12-08 02:46:53", "elapsed": 0.002599, "delta": 0.00018}}
{"target": 310.75, "params": {"p1": 0.7651862631192111, "p2": 0.10951752470395315, "t1": 0.5219804080387407, "t2": 0.7682402277657538, "t3": 0.6871391732604623, "x": 0.13298154074487634, "y": 0.20192462101793163}, "datetime": {"datetime": "2020-12-08 02:46:53", "elapsed": 0.002758, "delta": 0.000159}}
{"target": -10801.75, "params": {"p1": 0.48749363897132264, "p2": 0.2037622462626159, "t1": 0.7312391883279298, "t2": 0.9663736959079403, "t3": 0.9202155434291999, "x": 0.042204798118175686, "y": 0.0}, "datetime": {"datetime": "2020-12-08 02:49:19", "elapsed": 145.309607, "delta": 145.306849}}
{"target": -453.75, "params": {"p1": 0.7655059575407351, "p2": 0.11072989959989689, "t1": 0.5226312225905604, "t2": 0.7685557642726941, "t3": 0.6875651273053603, "x": 0.13416196983077303, "y": 0.2030111854157621}, "datetime": {"datetime": "2020-12-08 02:51:35", "elapsed": 281.644354, "delta": 136.334747}}
{"target": 428.25, "params": {"p1": 0.7487330333367435, "p2": 0.04361064277247773, "t1": 0.4880661909197511, "t2": 0.752433212362188, "t3": 0.6664911864257519, "x": 0.06485295523791319, "y": 0.1371926316836742}, "datetime": {"datetime": "2020-12-08 02:53:49", "elapsed": 415.630102, "delta": 133.985748}}
{"target": -944.75, "params": {"p1": 0.7311308310191239, "p2": 0.03893360669103919, "t1": 0.4600948203676644, "t2": 0.7277595435111011, "t3": 0.6211955577039167, "x": 0.12953572560131993, "y": 0.23197707471478318}, "datetime": {"datetime": "2020-12-08 02:55:57", "elapsed": 543.470089, "delta": 127.839987}}
{"target": -50000.0, "params": {"p1": 0.4414343230123329, "p2": 0.5089737253516924, "t1": 0.5837946756819603, "t2": 0.8394475347611506, "t3": 0.00269690682153112, "x": 0.8179921235682618, "y": 0.11120394662202127}, "datetime": {"datetime": "2020-12-08 02:55:57", "elapsed": 543.522862, "delta": 0.052773}}
{"target": -6563.25, "params": {"p1": 0.30948998453482424, "p2": 0.8584863205171449, "t1": 0.23127109246674002, "t2": 0.4557999990152235, "t3": 0.9323142036486413, "x": 0.3682680150532154, "y": 0.17041703920271387}, "datetime": {"datetime": "2020-12-08 02:59:08", "elapsed": 735.039626, "delta": 191.516764}}
{"target": -1075.5, "params": {"p1": 0.6317572860343504, "p2": 0.06802414753935385, "t1": 0.5261501659247954, "t2": 0.791573822571527, "t3": 0.6935963975853471, "x": 0.10512130066564597, "y": 0.17367709854596622}, "datetime": {"datetime": "2020-12-08 03:01:28", "elapsed": 875.156052, "delta": 140.116426}}
{"target": 446.0, "params": {"p1": 0.7016785786768637, "p2": 0.15622838172222597, "t1": 0.508321139102804, "t2": 0.6799084348264843, "t3": 0.6319470954457804, "x": 0.09663628951700796, "y": 0.12963393028461656}, "datetime": {"datetime": "2020-12-08 03:03:37", "elapsed": 1003.678641, "delta": 128.522589}}
{"target": -4138.25, "params": {"p1": 0.8868744550069712, "p2": 0.4871700166442173, "t1": 0.7445135746789742, "t2": 0.8744257233869352, "t3": 0.9449731847328893, "x": 0.0923091340902499, "y": 0.015184927648096985}, "datetime": {"datetime": "2020-12-08 03:06:31", "elapsed": 1177.554711, "delta": 173.87607}}
{"target": -50000.0, "params": {"p1": 0.4653158654819931, "p2": 0.23563100350232935, "t1": 0.19200992297691843, "t2": 0.09679504981134057, "t3": 0.9277063430110857, "x": 0.4290591993406653, "y": 0.5963782908914641}, "datetime": {"datetime": "2020-12-08 03:06:31", "elapsed": 1177.610432, "delta": 0.055721}}
{"target": -1942.75, "params": {"p1": 0.7384160381492467, "p2": 0.024603799892120592, "t1": 0.5645316247880329, "t2": 0.6835886995600978, "t3": 0.6952801489345558, "x": 0.1856880165247762, "y": 0.1059670937627093}, "datetime": {"datetime": "2020-12-08 03:08:50", "elapsed": 1316.493264, "delta": 138.882832}}
{"target": -1604.25, "params": {"p1": 0.8278248995952414, "p2": 0.5914122506775258, "t1": 0.6136878243111815, "t2": 0.5492226004893299, "t3": 0.5980183315428573, "x": 0.6384158923533543, "y": 0.34534548514211827}, "datetime": {"datetime": "2020-12-08 03:10:48", "elapsed": 1434.522178, "delta": 118.028914}}
{"target": -50000.0, "params": {"p1": 0.1370069521429068, "p2": 0.9930978862155242, "t1": 0.30071265224910737, "t2": 0.6768386592076774, "t3": 0.12666706392254135, "x": 0.7215639361904148, "y": 0.07869756379245985}, "datetime": {"datetime": "2020-12-08 03:10:48", "elapsed": 1434.576997, "delta": 0.054819}}
{"target": -6222.5, "params": {"p1": 0.7765608057301169, "p2": 0.1711986900991242, "t1": 0.6039079560280558, "t2": 0.7922202197231495, "t3": 0.7802446020171021, "x": 0.05212218099118178, "y": 0.02695293525214243}, "datetime": {"datetime": "2020-12-08 03:13:20", "elapsed": 1586.583469, "delta": 152.006472}}
{"target": -50000.0, "params": {"p1": 0.7481774603263048, "p2": 0.09975382156311394, "t1": 0.5031702225826196, "t2": 0.8304962331840152, "t3": 0.5873225350897037, "x": 0.17120414495856467, "y": 0.06978336461363696}, "datetime": {"datetime": "2020-12-08 03:13:21", "elapsed": 1587.407367, "delta": 0.823898}}
{"target": -1386.0, "params": {"p1": 0.17727873765196295, "p2": 0.8829451403976907, "t1": 0.162913605049754, "t2": 0.4166907726288363, "t3": 0.8735146213615063, "x": 0.42261246825770643, "y": 0.31313123631684164}, "datetime": {"datetime": "2020-12-08 03:16:27", "elapsed": 1773.864056, "delta": 186.456689}}
{"target": -5975.25, "params": {"p1": 0.2146273692177652, "p2": 0.8273199195626992, "t1": 0.08014080851473603, "t2": 0.41842307914551397, "t3": 0.8011429589462299, "x": 0.414793223826658, "y": 0.1669150336650508}, "datetime": {"datetime": "2020-12-08 03:19:25", "elapsed": 1951.989556, "delta": 178.1255}}
{"target": -5857.0, "params": {"p1": 0.7792769600153284, "p2": 0.30031650691297246, "t1": 0.7164484904205998, "t2": 0.8537214918433115, "t3": 0.9450156698670363, "x": 0.029379836653208945, "y": 0.0378273203683154}, "datetime": {"datetime": "2020-12-08 03:22:22", "elapsed": 2129.23551, "delta": 177.245954}}
{"target": -14727.75, "params": {"p1": 0.6234099218414445, "p2": 0.047452238642491484, "t1": 0.5847908859631021, "t2": 0.5466408310001433, "t3": 0.7609493541761716, "x": 0.17206516540981698, "y": 0.1452328246494513}, "datetime": {"datetime": "2020-12-08 03:24:15", "elapsed": 2241.837422, "delta": 112.601912}}
{"target": 301.5, "params": {"p1": 0.9642995460342999, "p2": 0.0924825497500672, "t1": 0.6690518079079166, "t2": 0.8221928597372379, "t3": 0.66888197688478, "x": 0.5403021206314121, "y": 0.867804472894203}, "datetime": {"datetime": "2020-12-08 03:26:41", "elapsed": 2387.940033, "delta": 146.102611}}
{"target": -4905.0, "params": {"p1": 0.7406213937686033, "p2": 0.07811386571577676, "t1": 0.5382537765699482, "t2": 0.6784005008378278, "t3": 0.7408677017577147, "x": 0.0349329629575289, "y": 0.2133569972100001}, "datetime": {"datetime": "2020-12-08 03:29:43", "elapsed": 2569.527547, "delta": 181.587514}}
{"target": -50000.0, "params": {"p1": 0.027575004348895815, "p2": 0.45477851323360907, "t1": 0.6886389008326793, "t2": 0.190856900842714, "t3": 0.6716944234693555, "x": 0.3411900943547711, "y": 0.8208104729104765}, "datetime": {"datetime": "2020-12-08 03:29:43", "elapsed": 2569.587859, "delta": 0.060312}}
{"target": -50000.0, "params": {"p1": 0.2838883724264869, "p2": 0.44132004628547816, "t1": 0.23961001332113774, "t2": 0.7369628283472677, "t3": 0.4918893888700515, "x": 0.736357052434965, "y": 0.4179596004613396}, "datetime": {"datetime": "2020-12-08 03:29:43", "elapsed": 2569.673293, "delta": 0.085434}}
{"target": -10645.25, "params": {"p1": 0.719894715922333, "p2": 0.09248082789160926, "t1": 0.4159886684001898, "t2": 0.7063661498495717, "t3": 0.7709534615742697, "x": 0.12963673368902912, "y": 0.14962730596100568}, "datetime": {"datetime": "2020-12-08 03:33:12", "elapsed": 2778.652817, "delta": 208.979524}}
{"target": -2265.75, "params": {"p1": 0.25017104175416244, "p2": 1.0, "t1": 0.07217100046152689, "t2": 0.46853502635118405, "t3": 0.8869278809905198, "x": 0.33900152208624246, "y": 0.24621532819820002}, "datetime": {"datetime": "2020-12-08 03:37:11", "elapsed": 3017.430662, "delta": 238.777845}}
{"target": -614.0, "params": {"p1": 0.3156428890861186, "p2": 0.932754598234974, "t1": 0.1771956757813072, "t2": 0.3749450107814943, "t3": 0.7641372022939276, "x": 0.33343988480366854, "y": 0.29375009980264843}, "datetime": {"datetime": "2020-12-08 03:40:36", "elapsed": 3222.449193, "delta": 205.018531}}
